2009-10-08 14:53:48
Full thread dump Java HotSpot(TM) 64-Bit Server VM (10.0-b19 mixed mode):

"Attach Listener" daemon prio=10 tid=0x00007f2be0699000 nid=0x7de6 waiting on condition [0x0000000000000000..0x0000000000000000]
  java.lang.Thread.State: RUNNABLE

"RMI TCP Connection(idle)" daemon prio=10 tid=0x00007f2be0ec0400 nid=0x7dcb waiting on condition [0x000000002d702000..0x000000002d702d70]
  java.lang.Thread.State: TIMED_WAITING (parking)
   at sun.misc.Unsafe.park(Native Method)
   - parking to wait for  <0x00007f2beaa19568> (a java.util.concurrent.SynchronousQueue$TransferStack)
   at java.util.concurrent.locks.LockSupport.parkNanos(LockSupport.java:198)
   at java.util.concurrent.SynchronousQueue$TransferStack.awaitFulfill(SynchronousQueue.java:424)
   at java.util.concurrent.SynchronousQueue$TransferStack.transfer(SynchronousQueue.java:323)
   at java.util.concurrent.SynchronousQueue.poll(SynchronousQueue.java:874)
   at java.util.concurrent.ThreadPoolExecutor.getTask(ThreadPoolExecutor.java:944)
   at java.util.concurrent.ThreadPoolExecutor$Worker.run(ThreadPoolExecutor.java:906)
   at java.lang.Thread.run(Thread.java:619)

"RMI TCP Connection(idle)" daemon prio=10 tid=0x00007f2be05c4800 nid=0x7dc9 waiting on condition [0x00000000032bf000..0x00000000032bfcf0]
  java.lang.Thread.State: TIMED_WAITING (parking)
   at sun.misc.Unsafe.park(Native Method)
   - parking to wait for  <0x00007f2beaa19568> (a java.util.concurrent.SynchronousQueue$TransferStack)
   at java.util.concurrent.locks.LockSupport.parkNanos(LockSupport.java:198)
   at java.util.concurrent.SynchronousQueue$TransferStack.awaitFulfill(SynchronousQueue.java:424)
   at java.util.concurrent.SynchronousQueue$TransferStack.transfer(SynchronousQueue.java:323)
   at java.util.concurrent.SynchronousQueue.poll(SynchronousQueue.java:874)
   at java.util.concurrent.ThreadPoolExecutor.getTask(ThreadPoolExecutor.java:944)
   at java.util.concurrent.ThreadPoolExecutor$Worker.run(ThreadPoolExecutor.java:906)
   at java.lang.Thread.run(Thread.java:619)

"JMX server connection timeout 656" daemon prio=10 tid=0x00000000428f5c00 nid=0x7dbb in Object.wait() [0x0000000004bfb000..0x0000000004bfbc70]
  java.lang.Thread.State: TIMED_WAITING (on object monitor)
   at java.lang.Object.wait(Native Method)
   - waiting on <0x00007f2c4260cbe0> (a [I)
   at com.sun.jmx.remote.internal.ServerCommunicatorAdmin$Timeout.run(ServerCommunicatorAdmin.java:150)
   - locked <0x00007f2c4260cbe0> (a [I)
   at java.lang.Thread.run(Thread.java:619)

"RMI TCP Connection(1609)-138.96.218.119" daemon prio=10 tid=0x00007f2be0707400 nid=0x7da0 runnable [0x0000000003dca000..0x0000000003dcabf0]
  java.lang.Thread.State: RUNNABLE
   at java.net.SocketInputStream.socketRead0(Native Method)
   at java.net.SocketInputStream.read(SocketInputStream.java:129)
   at java.io.BufferedInputStream.fill(BufferedInputStream.java:218)
   at java.io.BufferedInputStream.read(BufferedInputStream.java:237)
   - locked <0x00007f2c3fe7db08> (a java.io.BufferedInputStream)
   at java.io.FilterInputStream.read(FilterInputStream.java:66)
   at sun.rmi.transport.tcp.TCPTransport.handleMessages(TCPTransport.java:517)
   at sun.rmi.transport.tcp.TCPTransport$ConnectionHandler.run0(TCPTransport.java:790)
   at sun.rmi.transport.tcp.TCPTransport$ConnectionHandler.run(TCPTransport.java:649)
   at java.util.concurrent.ThreadPoolExecutor$Worker.runTask(ThreadPoolExecutor.java:885)
   at java.util.concurrent.ThreadPoolExecutor$Worker.run(ThreadPoolExecutor.java:907)
   at java.lang.Thread.run(Thread.java:619)

"RMI RenewClean-[138.96.218.119:53912]" daemon prio=10 tid=0x0000000041741c00 nid=0x7d9a in Object.wait() [0x0000000031de3000..0x0000000031de3b70]
  java.lang.Thread.State: TIMED_WAITING (on object monitor)
   at java.lang.Object.wait(Native Method)
   - waiting on <0x00007f2c425e78f8> (a java.lang.ref.ReferenceQueue$Lock)
   at java.lang.ref.ReferenceQueue.remove(ReferenceQueue.java:116)
   - locked <0x00007f2c425e78f8> (a java.lang.ref.ReferenceQueue$Lock)
   at sun.rmi.transport.DGCClient$EndpointEntry$RenewCleanThread.run(DGCClient.java:516)
   at java.lang.Thread.run(Thread.java:619)

"RMI TCP Connection(1607)-138.96.218.119" daemon prio=10 tid=0x00007f2be0698000 nid=0x7d97 runnable [0x0000000002cb9000..0x0000000002cb9af0]
  java.lang.Thread.State: RUNNABLE
   at java.net.SocketInputStream.socketRead0(Native Method)
   at java.net.SocketInputStream.read(SocketInputStream.java:129)
   at java.io.BufferedInputStream.fill(BufferedInputStream.java:218)
   at java.io.BufferedInputStream.read(BufferedInputStream.java:237)
   - locked <0x00007f2c3ff81770> (a java.io.BufferedInputStream)
   at java.io.FilterInputStream.read(FilterInputStream.java:66)
   at sun.rmi.transport.tcp.TCPTransport.handleMessages(TCPTransport.java:517)
   at sun.rmi.transport.tcp.TCPTransport$ConnectionHandler.run0(TCPTransport.java:790)
   at sun.rmi.transport.tcp.TCPTransport$ConnectionHandler.run(TCPTransport.java:649)
   at java.util.concurrent.ThreadPoolExecutor$Worker.runTask(ThreadPoolExecutor.java:885)
   at java.util.concurrent.ThreadPoolExecutor$Worker.run(ThreadPoolExecutor.java:907)
   at java.lang.Thread.run(Thread.java:619)

"RMI TCP Connection(idle)" daemon prio=10 tid=0x00007f2be0ebfc00 nid=0x7d96 waiting on condition [0x000000002d2c4000..0x000000002d2c4a70]
  java.lang.Thread.State: TIMED_WAITING (parking)
   at sun.misc.Unsafe.park(Native Method)
   - parking to wait for  <0x00007f2beaa19568> (a java.util.concurrent.SynchronousQueue$TransferStack)
   at java.util.concurrent.locks.LockSupport.parkNanos(LockSupport.java:198)
   at java.util.concurrent.SynchronousQueue$TransferStack.awaitFulfill(SynchronousQueue.java:424)
   at java.util.concurrent.SynchronousQueue$TransferStack.transfer(SynchronousQueue.java:323)
   at java.util.concurrent.SynchronousQueue.poll(SynchronousQueue.java:874)
   at java.util.concurrent.ThreadPoolExecutor.getTask(ThreadPoolExecutor.java:944)
   at java.util.concurrent.ThreadPoolExecutor$Worker.run(ThreadPoolExecutor.java:906)
   at java.lang.Thread.run(Thread.java:619)

"RMI TCP Connection(1608)-138.96.218.119" daemon prio=10 tid=0x00007f2be0c2e400 nid=0x7d8d runnable [0x000000001f4d4000..0x000000001f4d4d70]
  java.lang.Thread.State: RUNNABLE
   at java.net.SocketInputStream.socketRead0(Native Method)
   at java.net.SocketInputStream.read(SocketInputStream.java:129)
   at java.io.BufferedInputStream.fill(BufferedInputStream.java:218)
   at java.io.BufferedInputStream.read(BufferedInputStream.java:237)
   - locked <0x00007f2c3ff95840> (a java.io.BufferedInputStream)
   at java.io.FilterInputStream.read(FilterInputStream.java:66)
   at sun.rmi.transport.tcp.TCPTransport.handleMessages(TCPTransport.java:517)
   at sun.rmi.transport.tcp.TCPTransport$ConnectionHandler.run0(TCPTransport.java:790)
   at sun.rmi.transport.tcp.TCPTransport$ConnectionHandler.run(TCPTransport.java:649)
   at java.util.concurrent.ThreadPoolExecutor$Worker.runTask(ThreadPoolExecutor.java:885)
   at java.util.concurrent.ThreadPoolExecutor$Worker.run(ThreadPoolExecutor.java:907)
   at java.lang.Thread.run(Thread.java:619)

"RMI TCP Connection(idle)" daemon prio=10 tid=0x00007f2be00aa400 nid=0x7cc8 waiting on condition [0x00000000031be000..0x00000000031bed70]
  java.lang.Thread.State: TIMED_WAITING (parking)
   at sun.misc.Unsafe.park(Native Method)
   - parking to wait for  <0x00007f2beaa19568> (a java.util.concurrent.SynchronousQueue$TransferStack)
   at java.util.concurrent.locks.LockSupport.parkNanos(LockSupport.java:198)
   at java.util.concurrent.SynchronousQueue$TransferStack.awaitFulfill(SynchronousQueue.java:424)
   at java.util.concurrent.SynchronousQueue$TransferStack.transfer(SynchronousQueue.java:323)
   at java.util.concurrent.SynchronousQueue.poll(SynchronousQueue.java:874)
   at java.util.concurrent.ThreadPoolExecutor.getTask(ThreadPoolExecutor.java:944)
   at java.util.concurrent.ThreadPoolExecutor$Worker.run(ThreadPoolExecutor.java:906)
   at java.lang.Thread.run(Thread.java:619)

"RMI RenewClean-[138.96.218.206:57201]" daemon prio=10 tid=0x000000004168fc00 nid=0x784e in Object.wait() [0x00000000030bd000..0x00000000030bdcf0]
  java.lang.Thread.State: TIMED_WAITING (on object monitor)
   at java.lang.Object.wait(Native Method)
   - waiting on <0x00007f2bec089060> (a java.lang.ref.ReferenceQueue$Lock)
   at java.lang.ref.ReferenceQueue.remove(ReferenceQueue.java:116)
   - locked <0x00007f2bec089060> (a java.lang.ref.ReferenceQueue$Lock)
   at sun.rmi.transport.DGCClient$EndpointEntry$RenewCleanThread.run(DGCClient.java:516)
   at java.lang.Thread.run(Thread.java:619)

"RMI RenewClean-[138.96.218.206:42152]" daemon prio=10 tid=0x000000004168a800 nid=0x783b in Object.wait() [0x0000000009ab2000..0x0000000009ab2b70]
  java.lang.Thread.State: TIMED_WAITING (on object monitor)
   at java.lang.Object.wait(Native Method)
   - waiting on <0x00007f2bec089bb0> (a java.lang.ref.ReferenceQueue$Lock)
   at java.lang.ref.ReferenceQueue.remove(ReferenceQueue.java:116)
   - locked <0x00007f2bec089bb0> (a java.lang.ref.ReferenceQueue$Lock)
   at sun.rmi.transport.DGCClient$EndpointEntry$RenewCleanThread.run(DGCClient.java:516)
   at java.lang.Thread.run(Thread.java:619)

"RMI RenewClean-[138.96.218.206:47533]" daemon prio=10 tid=0x00000000420cd400 nid=0x7831 in Object.wait() [0x000000001c2fb000..0x000000001c2fb9f0]
  java.lang.Thread.State: TIMED_WAITING (on object monitor)
   at java.lang.Object.wait(Native Method)
   - waiting on <0x00007f2bec040ef0> (a java.lang.ref.ReferenceQueue$Lock)
   at java.lang.ref.ReferenceQueue.remove(ReferenceQueue.java:116)
   - locked <0x00007f2bec040ef0> (a java.lang.ref.ReferenceQueue$Lock)
   at sun.rmi.transport.DGCClient$EndpointEntry$RenewCleanThread.run(DGCClient.java:516)
   at java.lang.Thread.run(Thread.java:619)

"RMI RenewClean-[138.96.218.206:45141]" daemon prio=10 tid=0x000000004167a400 nid=0x7829 in Object.wait() [0x000000000f19c000..0x000000000f19cbf0]
  java.lang.Thread.State: TIMED_WAITING (on object monitor)
   at java.lang.Object.wait(Native Method)
   - waiting on <0x00007f2bec042ad8> (a java.lang.ref.ReferenceQueue$Lock)
   at java.lang.ref.ReferenceQueue.remove(ReferenceQueue.java:116)
   - locked <0x00007f2bec042ad8> (a java.lang.ref.ReferenceQueue$Lock)
   at sun.rmi.transport.DGCClient$EndpointEntry$RenewCleanThread.run(DGCClient.java:516)
   at java.lang.Thread.run(Thread.java:619)

"RMI RenewClean-[138.96.218.214:36294]" daemon prio=10 tid=0x00000000420cb400 nid=0x7825 in Object.wait() [0x0000000009fcb000..0x0000000009fcba70]
  java.lang.Thread.State: TIMED_WAITING (on object monitor)
   at java.lang.Object.wait(Native Method)
   - waiting on <0x00007f2bec0435f8> (a java.lang.ref.ReferenceQueue$Lock)
   at java.lang.ref.ReferenceQueue.remove(ReferenceQueue.java:116)
   - locked <0x00007f2bec0435f8> (a java.lang.ref.ReferenceQueue$Lock)
   at sun.rmi.transport.DGCClient$EndpointEntry$RenewCleanThread.run(DGCClient.java:516)
   at java.lang.Thread.run(Thread.java:619)

"RMI RenewClean-[138.96.218.214:37904]" daemon prio=10 tid=0x0000000042266400 nid=0x7821 in Object.wait() [0x0000000002ab7000..0x0000000002ab7cf0]
  java.lang.Thread.State: TIMED_WAITING (on object monitor)
   at java.lang.Object.wait(Native Method)
   - waiting on <0x00007f2bec044118> (a java.lang.ref.ReferenceQueue$Lock)
   at java.lang.ref.ReferenceQueue.remove(ReferenceQueue.java:116)
   - locked <0x00007f2bec044118> (a java.lang.ref.ReferenceQueue$Lock)
   at sun.rmi.transport.DGCClient$EndpointEntry$RenewCleanThread.run(DGCClient.java:516)
   at java.lang.Thread.run(Thread.java:619)

"RMI RenewClean-[138.96.218.209:40601]" daemon prio=10 tid=0x00000000414fb000 nid=0x781b in Object.wait() [0x0000000002bb8000..0x0000000002bb8b70]
  java.lang.Thread.State: TIMED_WAITING (on object monitor)
   at java.lang.Object.wait(Native Method)
   - waiting on <0x00007f2bec030970> (a java.lang.ref.ReferenceQueue$Lock)
   at java.lang.ref.ReferenceQueue.remove(ReferenceQueue.java:116)
   - locked <0x00007f2bec030970> (a java.lang.ref.ReferenceQueue$Lock)
   at sun.rmi.transport.DGCClient$EndpointEntry$RenewCleanThread.run(DGCClient.java:516)
   at java.lang.Thread.run(Thread.java:619)

"RMI RenewClean-[138.96.218.214:48880]" daemon prio=10 tid=0x000000004171cc00 nid=0x7818 in Object.wait() [0x000000000f90b000..0x000000000f90ba70]
  java.lang.Thread.State: TIMED_WAITING (on object monitor)
   at java.lang.Object.wait(Native Method)
   - waiting on <0x00007f2bebff78b0> (a java.lang.ref.ReferenceQueue$Lock)
   at java.lang.ref.ReferenceQueue.remove(ReferenceQueue.java:116)
   - locked <0x00007f2bebff78b0> (a java.lang.ref.ReferenceQueue$Lock)
   at sun.rmi.transport.DGCClient$EndpointEntry$RenewCleanThread.run(DGCClient.java:516)
   at java.lang.Thread.run(Thread.java:619)

"RMI RenewClean-[138.96.218.209:52860]" daemon prio=10 tid=0x0000000041c0e000 nid=0x6e90 in Object.wait() [0x000000002b1ed000..0x000000002b1edc70]
  java.lang.Thread.State: TIMED_WAITING (on object monitor)
   at java.lang.Object.wait(Native Method)
   - waiting on <0x00007f2bebc88b58> (a java.lang.ref.ReferenceQueue$Lock)
   at java.lang.ref.ReferenceQueue.remove(ReferenceQueue.java:116)
   - locked <0x00007f2bebc88b58> (a java.lang.ref.ReferenceQueue$Lock)
   at sun.rmi.transport.DGCClient$EndpointEntry$RenewCleanThread.run(DGCClient.java:516)
   at java.lang.Thread.run(Thread.java:619)

"RMI RenewClean-[138.96.218.213:57631]" daemon prio=10 tid=0x00000000416a6000 nid=0x6e67 in Object.wait() [0x0000000011b63000..0x0000000011b63c70]
  java.lang.Thread.State: TIMED_WAITING (on object monitor)
   at java.lang.Object.wait(Native Method)
   - waiting on <0x00007f2bebc8c5e0> (a java.lang.ref.ReferenceQueue$Lock)
   at java.lang.ref.ReferenceQueue.remove(ReferenceQueue.java:116)
   - locked <0x00007f2bebc8c5e0> (a java.lang.ref.ReferenceQueue$Lock)
   at sun.rmi.transport.DGCClient$EndpointEntry$RenewCleanThread.run(DGCClient.java:516)
   at java.lang.Thread.run(Thread.java:619)

"RMI RenewClean-[138.96.218.207:49158]" daemon prio=10 tid=0x0000000041c0f800 nid=0x6e63 in Object.wait() [0x00000000036c3000..0x00000000036c3b70]
  java.lang.Thread.State: TIMED_WAITING (on object monitor)
   at java.lang.Object.wait(Native Method)
   - waiting on <0x00007f2bebc8ce58> (a java.lang.ref.ReferenceQueue$Lock)
   at java.lang.ref.ReferenceQueue.remove(ReferenceQueue.java:116)
   - locked <0x00007f2bebc8ce58> (a java.lang.ref.ReferenceQueue$Lock)
   at sun.rmi.transport.DGCClient$EndpointEntry$RenewCleanThread.run(DGCClient.java:516)
   at java.lang.Thread.run(Thread.java:619)

"RMI RenewClean-[138.96.218.205:51125]" daemon prio=10 tid=0x000000004177e800 nid=0x6e58 in Object.wait() [0x0000000040d42000..0x0000000040d429f0]
  java.lang.Thread.State: TIMED_WAITING (on object monitor)
   at java.lang.Object.wait(Native Method)
   - waiting on <0x00007f2bebc8e020> (a java.lang.ref.ReferenceQueue$Lock)
   at java.lang.ref.ReferenceQueue.remove(ReferenceQueue.java:116)
   - locked <0x00007f2bebc8e020> (a java.lang.ref.ReferenceQueue$Lock)
   at sun.rmi.transport.DGCClient$EndpointEntry$RenewCleanThread.run(DGCClient.java:516)
   at java.lang.Thread.run(Thread.java:619)

"RMI RenewClean-[138.96.218.205:60831]" daemon prio=10 tid=0x00000000415a8800 nid=0x6e54 in Object.wait() [0x000000000aa09000..0x000000000aa09cf0]
  java.lang.Thread.State: TIMED_WAITING (on object monitor)
   at java.lang.Object.wait(Native Method)
   - waiting on <0x00007f2bebc66160> (a java.lang.ref.ReferenceQueue$Lock)
   at java.lang.ref.ReferenceQueue.remove(ReferenceQueue.java:116)
   - locked <0x00007f2bebc66160> (a java.lang.ref.ReferenceQueue$Lock)
   at sun.rmi.transport.DGCClient$EndpointEntry$RenewCleanThread.run(DGCClient.java:516)
   at java.lang.Thread.run(Thread.java:619)

"RMI RenewClean-[138.96.218.209:42906]" daemon prio=10 tid=0x0000000041598c00 nid=0x6e2a in Object.wait() [0x000000001e3ab000..0x000000001e3abcf0]
  java.lang.Thread.State: TIMED_WAITING (on object monitor)
   at java.lang.Object.wait(Native Method)
   - waiting on <0x00007f2bebc66b58> (a java.lang.ref.ReferenceQueue$Lock)
   at java.lang.ref.ReferenceQueue.remove(ReferenceQueue.java:116)
   - locked <0x00007f2bebc66b58> (a java.lang.ref.ReferenceQueue$Lock)
   at sun.rmi.transport.DGCClient$EndpointEntry$RenewCleanThread.run(DGCClient.java:516)
   at java.lang.Thread.run(Thread.java:619)

"RMI RenewClean-[138.96.218.207:38695]" daemon prio=10 tid=0x00000000416aa800 nid=0x6e1b in Object.wait() [0x0000000021a6f000..0x0000000021a6fb70]
  java.lang.Thread.State: TIMED_WAITING (on object monitor)
   at java.lang.Object.wait(Native Method)
   - waiting on <0x00007f2bebc673d0> (a java.lang.ref.ReferenceQueue$Lock)
   at java.lang.ref.ReferenceQueue.remove(ReferenceQueue.java:116)
   - locked <0x00007f2bebc673d0> (a java.lang.ref.ReferenceQueue$Lock)
   at sun.rmi.transport.DGCClient$EndpointEntry$RenewCleanThread.run(DGCClient.java:516)
   at java.lang.Thread.run(Thread.java:619)

"RMI RenewClean-[138.96.218.213:43961]" daemon prio=10 tid=0x0000000041c12800 nid=0x6e0d in Object.wait() [0x0000000032ddb000..0x0000000032ddbbf0]
  java.lang.Thread.State: TIMED_WAITING (on object monitor)
   at java.lang.Object.wait(Native Method)
   - waiting on <0x00007f2bebc67ac8> (a java.lang.ref.ReferenceQueue$Lock)
   at java.lang.ref.ReferenceQueue.remove(ReferenceQueue.java:116)
   - locked <0x00007f2bebc67ac8> (a java.lang.ref.ReferenceQueue$Lock)
   at sun.rmi.transport.DGCClient$EndpointEntry$RenewCleanThread.run(DGCClient.java:516)
   at java.lang.Thread.run(Thread.java:619)

"RMI RenewClean-[138.96.218.213:34456]" daemon prio=10 tid=0x0000000043620c00 nid=0x6e03 in Object.wait() [0x0000000016b78000..0x0000000016b78cf0]
  java.lang.Thread.State: TIMED_WAITING (on object monitor)
   at java.lang.Object.wait(Native Method)
   - waiting on <0x00007f2bebc6a0b8> (a java.lang.ref.ReferenceQueue$Lock)
   at java.lang.ref.ReferenceQueue.remove(ReferenceQueue.java:116)
   - locked <0x00007f2bebc6a0b8> (a java.lang.ref.ReferenceQueue$Lock)
   at sun.rmi.transport.DGCClient$EndpointEntry$RenewCleanThread.run(DGCClient.java:516)
   at java.lang.Thread.run(Thread.java:619)

"RMI RenewClean-[138.96.218.205:47101]" daemon prio=10 tid=0x0000000042165000 nid=0x6923 in Object.wait() [0x0000000035735000..0x0000000035735d70]
  java.lang.Thread.State: TIMED_WAITING (on object monitor)
   at java.lang.Object.wait(Native Method)
   - waiting on <0x00007f2beb95e7a8> (a java.lang.ref.ReferenceQueue$Lock)
   at java.lang.ref.ReferenceQueue.remove(ReferenceQueue.java:116)
   - locked <0x00007f2beb95e7a8> (a java.lang.ref.ReferenceQueue$Lock)
   at sun.rmi.transport.DGCClient$EndpointEntry$RenewCleanThread.run(DGCClient.java:516)
   at java.lang.Thread.run(Thread.java:619)

"RMI RenewClean-[138.96.218.209:59468]" daemon prio=10 tid=0x000000004220e400 nid=0x68f8 in Object.wait() [0x0000000002ebb000..0x0000000002ebbcf0]
  java.lang.Thread.State: TIMED_WAITING (on object monitor)
   at java.lang.Object.wait(Native Method)
   - waiting on <0x00007f2beb7f4510> (a java.lang.ref.ReferenceQueue$Lock)
   at java.lang.ref.ReferenceQueue.remove(ReferenceQueue.java:116)
   - locked <0x00007f2beb7f4510> (a java.lang.ref.ReferenceQueue$Lock)
   at sun.rmi.transport.DGCClient$EndpointEntry$RenewCleanThread.run(DGCClient.java:516)
   at java.lang.Thread.run(Thread.java:619)

"RMI RenewClean-[138.96.218.213:41880]" daemon prio=10 tid=0x000000004220b400 nid=0x68f6 in Object.wait() [0x0000000036915000..0x0000000036915bf0]
  java.lang.Thread.State: TIMED_WAITING (on object monitor)
   at java.lang.Object.wait(Native Method)
   - waiting on <0x00007f2beb80e9d8> (a java.lang.ref.ReferenceQueue$Lock)
   at java.lang.ref.ReferenceQueue.remove(ReferenceQueue.java:116)
   - locked <0x00007f2beb80e9d8> (a java.lang.ref.ReferenceQueue$Lock)
   at sun.rmi.transport.DGCClient$EndpointEntry$RenewCleanThread.run(DGCClient.java:516)
   at java.lang.Thread.run(Thread.java:619)

"RMI RenewClean-[138.96.218.205:57282]" daemon prio=10 tid=0x000000004216f800 nid=0x68f5 in Object.wait() [0x0000000002dba000..0x0000000002dbab70]
  java.lang.Thread.State: TIMED_WAITING (on object monitor)
   at java.lang.Object.wait(Native Method)
   - waiting on <0x00007f2beb80f1a0> (a java.lang.ref.ReferenceQueue$Lock)
   at java.lang.ref.ReferenceQueue.remove(ReferenceQueue.java:116)
   - locked <0x00007f2beb80f1a0> (a java.lang.ref.ReferenceQueue$Lock)
   at sun.rmi.transport.DGCClient$EndpointEntry$RenewCleanThread.run(DGCClient.java:516)
   at java.lang.Thread.run(Thread.java:619)

"RMI RenewClean-[138.96.218.207:49060]" daemon prio=10 tid=0x000000004212b400 nid=0x68f2 in Object.wait() [0x000000003cf4c000..0x000000003cf4c9f0]
  java.lang.Thread.State: TIMED_WAITING (on object monitor)
   at java.lang.Object.wait(Native Method)
   - waiting on <0x00007f2beb810db8> (a java.lang.ref.ReferenceQueue$Lock)
   at java.lang.ref.ReferenceQueue.remove(ReferenceQueue.java:116)
   - locked <0x00007f2beb810db8> (a java.lang.ref.ReferenceQueue$Lock)
   at sun.rmi.transport.DGCClient$EndpointEntry$RenewCleanThread.run(DGCClient.java:516)
   at java.lang.Thread.run(Thread.java:619)

"RMI RenewClean-[138.96.218.214:45194]" daemon prio=10 tid=0x000000004207c800 nid=0x68f0 in Object.wait() [0x000000001fd34000..0x000000001fd34cf0]
  java.lang.Thread.State: TIMED_WAITING (on object monitor)
   at java.lang.Object.wait(Native Method)
   - waiting on <0x00007f2beb811778> (a java.lang.ref.ReferenceQueue$Lock)
   at java.lang.ref.ReferenceQueue.remove(ReferenceQueue.java:116)
   - locked <0x00007f2beb811778> (a java.lang.ref.ReferenceQueue$Lock)
   at sun.rmi.transport.DGCClient$EndpointEntry$RenewCleanThread.run(DGCClient.java:516)
   at java.lang.Thread.run(Thread.java:619)

"RMI RenewClean-[138.96.218.207:52849]" daemon prio=10 tid=0x000000004345e800 nid=0x68ef in Object.wait() [0x0000000037d4b000..0x0000000037d4bc70]
  java.lang.Thread.State: TIMED_WAITING (on object monitor)
   at java.lang.Object.wait(Native Method)
   - waiting on <0x00007f2beb811f40> (a java.lang.ref.ReferenceQueue$Lock)
   at java.lang.ref.ReferenceQueue.remove(ReferenceQueue.java:116)
   - locked <0x00007f2beb811f40> (a java.lang.ref.ReferenceQueue$Lock)
   at sun.rmi.transport.DGCClient$EndpointEntry$RenewCleanThread.run(DGCClient.java:516)
   at java.lang.Thread.run(Thread.java:619)

"Thread for AC" prio=10 tid=0x00000000421f2400 nid=0x68db in Object.wait() [0x0000000006b61000..0x0000000006b61af0]
  java.lang.Thread.State: WAITING (on object monitor)
   at java.lang.Object.wait(Native Method)
   - waiting on <0x00007f2beb140368> (a org.objectweb.proactive.core.body.future.FuturePool$ActiveACQueue)
   at java.lang.Object.wait(Object.java:485)
   at org.objectweb.proactive.core.body.future.FuturePool$ActiveACQueue.waitForAC(FuturePool.java:606)
   - locked <0x00007f2beb140368> (a org.objectweb.proactive.core.body.future.FuturePool$ActiveACQueue)
   at org.objectweb.proactive.core.body.future.FuturePool$ActiveACQueue.run(FuturePool.java:550)

"RMI RenewClean-[138.96.218.119:33695]" daemon prio=10 tid=0x00007f2be0807800 nid=0x68d1 in Object.wait() [0x000000001417e000..0x000000001417ed70]
  java.lang.Thread.State: TIMED_WAITING (on object monitor)
   at java.lang.Object.wait(Native Method)
   - waiting on <0x00007f2beb812708> (a java.lang.ref.ReferenceQueue$Lock)
   at java.lang.ref.ReferenceQueue.remove(ReferenceQueue.java:116)
   - locked <0x00007f2beb812708> (a java.lang.ref.ReferenceQueue$Lock)
   at sun.rmi.transport.DGCClient$EndpointEntry$RenewCleanThread.run(DGCClient.java:516)
   at java.lang.Thread.run(Thread.java:619)

"Thread-13" prio=10 tid=0x00007f2be0806800 nid=0x6852 waiting on condition [0x000000001a12a000..0x000000001a12acf0]
  java.lang.Thread.State: TIMED_WAITING (sleeping)
   at java.lang.Thread.sleep(Native Method)
   at org.ow2.proactive.scheduler.core.SchedulerCore$1.run(SchedulerCore.java:391)

"derby.rawStoreDaemon" daemon prio=10 tid=0x00007f2be0457000 nid=0x684f in Object.wait() [0x0000000008ed6000..0x0000000008ed6bf0]
  java.lang.Thread.State: TIMED_WAITING (on object monitor)
   at java.lang.Object.wait(Native Method)
   - waiting on <0x00007f2beb1884d0> (a org.apache.derby.impl.services.daemon.BasicDaemon)
   at org.apache.derby.impl.services.daemon.BasicDaemon.rest(Unknown Source)
   - locked <0x00007f2beb1884d0> (a org.apache.derby.impl.services.daemon.BasicDaemon)
   at org.apache.derby.impl.services.daemon.BasicDaemon.run(Unknown Source)
   at java.lang.Thread.run(Thread.java:619)

"Timer-1" daemon prio=10 tid=0x00007f2be06f5400 nid=0x684e in Object.wait() [0x00000000391c9000..0x00000000391c9b70]
  java.lang.Thread.State: WAITING (on object monitor)
   at java.lang.Object.wait(Native Method)
   - waiting on <0x00007f2beb408830> (a java.util.TaskQueue)
   at java.lang.Object.wait(Object.java:485)
   at java.util.TimerThread.mainLoop(Timer.java:483)
   - locked <0x00007f2beb408830> (a java.util.TaskQueue)
   at java.util.TimerThread.run(Timer.java:462)

"derby.antiGC" daemon prio=10 tid=0x00007f2be06bd400 nid=0x684d in Object.wait() [0x000000003a1af000..0x000000003a1afaf0]
  java.lang.Thread.State: WAITING (on object monitor)
   at java.lang.Object.wait(Native Method)
   - waiting on <0x00007f2beb44a3d0> (a org.apache.derby.impl.services.monitor.AntiGC)
   at java.lang.Object.wait(Object.java:485)
   at org.apache.derby.impl.services.monitor.AntiGC.run(Unknown Source)
   - locked <0x00007f2beb44a3d0> (a org.apache.derby.impl.services.monitor.AntiGC)
   at java.lang.Thread.run(Thread.java:619)

"SchedulerCore on rmi://shainese.inria.fr:6608/Node1862292659" prio=10 tid=0x0000000041d38800 nid=0x684b in Object.wait() [0x00000000029b6000..0x00000000029b6a70]
  java.lang.Thread.State: WAITING (on object monitor)
   at java.lang.Object.wait(Native Method)
   - waiting on <0x00007f2c425f7b40> (a org.objectweb.proactive.core.body.future.FutureProxy)
   at org.objectweb.proactive.core.body.future.FutureProxy.waitFor(FutureProxy.java:322)
   - locked <0x00007f2c425f7b40> (a org.objectweb.proactive.core.body.future.FutureProxy)
   at org.objectweb.proactive.core.body.future.FutureProxy.waitFor(FutureProxy.java:278)
   - locked <0x00007f2c425f7b40> (a org.objectweb.proactive.core.body.future.FutureProxy)
   at org.objectweb.proactive.core.body.future.FutureProxy.getResult(FutureProxy.java:261)
   - locked <0x00007f2c425f7b40> (a org.objectweb.proactive.core.body.future.FutureProxy)
   at org.objectweb.proactive.api.PAFuture.getFutureValue(PAFuture.java:85)
   at org.objectweb.proactive.core.mop.MethodCall.execute(MethodCall.java:387)
   at org.objectweb.proactive.core.body.future.FutureProxy.reify(FutureProxy.java:411)
   at pa.stub.org.ow2.proactive.utils._StubNodeSet.size(_StubNodeSet.java)
   at org.ow2.proactive.scheduler.core.SchedulerCore.schedule(SchedulerCore.java:677)
   at org.ow2.proactive.scheduler.core.SchedulerCore.runActivity(SchedulerCore.java:491)
   at org.objectweb.proactive.core.body.ActiveBody.run(ActiveBody.java:192)
   at java.lang.Thread.run(Thread.java:619)

"JMXNotificationThread for org.objectweb.proactive.core.body:type=AO,aoID=383115fa-12433844e59--7fa6--8e6685327ae5a4e3-383115fa-12433844e59--8000" daemon prio=10 tid=0x0000000041d37800 nid=0x684a waiting on condition [0x000000003e674000..0x000000003e6749f0]
  java.lang.Thread.State: TIMED_WAITING (sleeping)
   at java.lang.Thread.sleep(Native Method)
   at org.objectweb.proactive.core.jmx.mbean.BodyWrapper$1.run(BodyWrapper.java:239)

"RestartTaskTimer" prio=10 tid=0x0000000041d32000 nid=0x6849 in Object.wait() [0x00000000028b5000..0x00000000028b5d70]
  java.lang.Thread.State: WAITING (on object monitor)
   at java.lang.Object.wait(Native Method)
   - waiting on <0x00007f2beb148e90> (a java.util.TaskQueue)
   at java.lang.Object.wait(Object.java:485)
   at java.util.TimerThread.mainLoop(Timer.java:483)
   - locked <0x00007f2beb148e90> (a java.util.TaskQueue)
   at java.util.TimerThread.run(Timer.java:462)

"RemoveJobTimer" prio=10 tid=0x0000000041cd1000 nid=0x6848 in Object.wait() [0x0000000040952000..0x0000000040952cf0]
  java.lang.Thread.State: TIMED_WAITING (on object monitor)
   at java.lang.Object.wait(Native Method)
   - waiting on <0x00007f2beb148ab8> (a java.util.TaskQueue)
   at java.util.TimerThread.mainLoop(Timer.java:509)
   - locked <0x00007f2beb148ab8> (a java.util.TaskQueue)
   at java.util.TimerThread.run(Timer.java:462)

"SchedulerAuthentication on rmi://shainese.inria.fr:6608/Node1862292659" prio=10 tid=0x0000000041ccbc00 nid=0x6847 in Object.wait() [0x00000000027b4000..0x00000000027b4c70]
  java.lang.Thread.State: WAITING (on object monitor)
   at java.lang.Object.wait(Native Method)
   - waiting on <0x00007f2beb144798> (a org.objectweb.proactive.core.body.request.BlockingRequestQueueImpl)
   at org.objectweb.proactive.core.body.request.BlockingRequestQueueImpl.internalWait(BlockingRequestQueueImpl.java:206)
   - locked <0x00007f2beb144798> (a org.objectweb.proactive.core.body.request.BlockingRequestQueueImpl)
   at org.objectweb.proactive.core.body.request.BlockingRequestQueueImpl.blockingRemove(BlockingRequestQueueImpl.java:293)
   at org.objectweb.proactive.core.body.request.BlockingRequestQueueImpl.blockingRemoveOldest(BlockingRequestQueueImpl.java:145)
   - locked <0x00007f2beb144798> (a org.objectweb.proactive.core.body.request.BlockingRequestQueueImpl)
   at org.objectweb.proactive.Service.blockingServeOldest(Service.java:173)
   at org.objectweb.proactive.Service.blockingServeOldest(Service.java:150)
   at org.objectweb.proactive.Service.fifoServing(Service.java:126)
   at org.objectweb.proactive.core.body.ActiveBody$FIFORunActive.runActivity(ActiveBody.java:307)
   at org.objectweb.proactive.core.body.ActiveBody.run(ActiveBody.java:192)
   at java.lang.Thread.run(Thread.java:619)

"JMXNotificationThread for org.objectweb.proactive.core.body:type=AO,aoID=383115fa-12433844e59--7fbb--8e6685327ae5a4e3-383115fa-12433844e59--8000" daemon prio=10 tid=0x0000000041cca800 nid=0x6846 waiting on condition [0x0000000034161000..0x0000000034161bf0]
  java.lang.Thread.State: TIMED_WAITING (sleeping)
   at java.lang.Thread.sleep(Native Method)
   at org.objectweb.proactive.core.jmx.mbean.BodyWrapper$1.run(BodyWrapper.java:239)

"DestroyJavaVM" prio=10 tid=0x00007f2be0536400 nid=0x6828 waiting on condition [0x0000000000000000..0x000000000025bce0]
  java.lang.Thread.State: RUNNABLE

"SchedulerFrontend on rmi://shainese.inria.fr:6608/Node1862292659" prio=10 tid=0x00007f2be0535000 nid=0x6845 in Object.wait() [0x00000000194e2000..0x00000000194e2b70]
  java.lang.Thread.State: WAITING (on object monitor)
   at java.lang.Object.wait(Native Method)
   - waiting on <0x00007f2c4260c7f0> (a org.objectweb.proactive.core.body.future.FutureProxy)
   at org.objectweb.proactive.core.body.future.FutureProxy.waitFor(FutureProxy.java:322)
   - locked <0x00007f2c4260c7f0> (a org.objectweb.proactive.core.body.future.FutureProxy)
   at org.objectweb.proactive.core.body.future.FutureProxy.waitFor(FutureProxy.java:278)
   - locked <0x00007f2c4260c7f0> (a org.objectweb.proactive.core.body.future.FutureProxy)
   at org.objectweb.proactive.core.body.future.FutureProxy.getRaisedException(FutureProxy.java:235)
   - locked <0x00007f2c4260c7f0> (a org.objectweb.proactive.core.body.future.FutureProxy)
   at org.objectweb.proactive.core.body.proxy.AbstractBodyProxy.reifyAsSynchronous(AbstractBodyProxy.java:272)
   at org.objectweb.proactive.core.body.proxy.AbstractBodyProxy.invokeOnBody(AbstractBodyProxy.java:158)
   at org.objectweb.proactive.core.body.proxy.AbstractBodyProxy.reify(AbstractBodyProxy.java:113)
   at pa.stub.org.ow2.proactive.scheduler.core._StubSchedulerCore.submit(_StubSchedulerCore.java)
   at org.ow2.proactive.scheduler.core.SchedulerFrontend.submit(SchedulerFrontend.java:395)
   at sun.reflect.GeneratedMethodAccessor162.invoke(Unknown Source)
   at sun.reflect.DelegatingMethodAccessorImpl.invoke(DelegatingMethodAccessorImpl.java:25)
   at java.lang.reflect.Method.invoke(Method.java:597)
   at org.objectweb.proactive.core.mop.MethodCall.execute(MethodCall.java:391)
   at org.objectweb.proactive.core.body.request.RequestImpl.serveInternal(RequestImpl.java:226)
   at org.objectweb.proactive.core.body.request.RequestImpl.serve(RequestImpl.java:170)
   at org.objectweb.proactive.core.body.BodyImpl$ActiveLocalBodyStrategy.serveInternal(BodyImpl.java:561)
   at org.objectweb.proactive.core.body.BodyImpl$ActiveLocalBodyStrategy.serve(BodyImpl.java:524)
   at org.objectweb.proactive.core.body.AbstractBody.serve(AbstractBody.java:917)
   at org.objectweb.proactive.Service.blockingServeOldest(Service.java:175)
   at org.objectweb.proactive.Service.blockingServeOldest(Service.java:150)
   at org.objectweb.proactive.Service.fifoServing(Service.java:126)
   at org.objectweb.proactive.core.body.ActiveBody$FIFORunActive.runActivity(ActiveBody.java:307)
   at org.objectweb.proactive.core.body.ActiveBody.run(ActiveBody.java:192)
   at java.lang.Thread.run(Thread.java:619)

"JMXNotificationThread for org.objectweb.proactive.core.body:type=AO,aoID=383115fa-12433844e59--7fcf--8e6685327ae5a4e3-383115fa-12433844e59--8000" daemon prio=10 tid=0x00007f2be0539400 nid=0x6844 waiting on condition [0x00000000388ec000..0x00000000388ecaf0]
  java.lang.Thread.State: TIMED_WAITING (sleeping)
   at java.lang.Thread.sleep(Native Method)
   at org.objectweb.proactive.core.jmx.mbean.BodyWrapper$1.run(BodyWrapper.java:239)

"SessionTimer" prio=10 tid=0x00007f2be0538800 nid=0x6843 in Object.wait() [0x0000000005ba0000..0x0000000005ba0a70]
  java.lang.Thread.State: TIMED_WAITING (on object monitor)
   at java.lang.Object.wait(Native Method)
   - waiting on <0x00007f2beb146288> (a java.util.TaskQueue)
   at java.util.TimerThread.mainLoop(Timer.java:509)
   - locked <0x00007f2beb146288> (a java.util.TaskQueue)
   at java.util.TimerThread.run(Timer.java:462)

"ResourceManagerProxy on rmi://shainese.inria.fr:6608/Node1862292659" prio=10 tid=0x00007f2be0537800 nid=0x6842 in Object.wait() [0x000000002d879000..0x000000002d8799f0]
  java.lang.Thread.State: TIMED_WAITING (on object monitor)
   at java.lang.Object.wait(Native Method)
   - waiting on <0x00007f2beb142030> (a org.objectweb.proactive.core.body.request.BlockingRequestQueueImpl)
   at org.objectweb.proactive.core.body.request.BlockingRequestQueueImpl.internalWait(BlockingRequestQueueImpl.java:206)
   - locked <0x00007f2beb142030> (a org.objectweb.proactive.core.body.request.BlockingRequestQueueImpl)
   at org.objectweb.proactive.core.body.request.BlockingRequestQueueImpl.blockingRemove(BlockingRequestQueueImpl.java:293)
   at org.objectweb.proactive.core.body.request.BlockingRequestQueueImpl.blockingRemoveOldest(BlockingRequestQueueImpl.java:145)
   - locked <0x00007f2beb142030> (a org.objectweb.proactive.core.body.request.BlockingRequestQueueImpl)
   at org.objectweb.proactive.Service.blockingServeOldest(Service.java:173)
   at org.objectweb.proactive.Service.blockingServeOldest(Service.java:161)
   at org.ow2.proactive.scheduler.resourcemanager.ResourceManagerProxy.runActivity(ResourceManagerProxy.java:322)
   at org.objectweb.proactive.core.body.ActiveBody.run(ActiveBody.java:192)
   at java.lang.Thread.run(Thread.java:619)

"JMXNotificationThread for org.objectweb.proactive.core.body:type=AO,aoID=383115fa-12433844e59--7fe4--8e6685327ae5a4e3-383115fa-12433844e59--8000" daemon prio=10 tid=0x00007f2be0536c00 nid=0x6841 waiting on condition [0x00000000026b3000..0x00000000026b3d70]
  java.lang.Thread.State: TIMED_WAITING (sleeping)
   at java.lang.Thread.sleep(Native Method)
   at org.objectweb.proactive.core.jmx.mbean.BodyWrapper$1.run(BodyWrapper.java:239)

"Monitoring the Futures" daemon prio=10 tid=0x00007f2be0147c00 nid=0x6840 waiting on condition [0x0000000039978000..0x0000000039978cf0]
  java.lang.Thread.State: TIMED_WAITING (sleeping)
   at java.lang.Thread.sleep(Native Method)
   at org.objectweb.proactive.core.body.future.FutureMonitoring.monitoringDelay(FutureMonitoring.java:91)
   at org.objectweb.proactive.core.body.future.FutureMonitoring.run(FutureMonitoring.java:170)
   at java.lang.Thread.run(Thread.java:619)

"RMI RenewClean-[138.96.218.119:57178]" daemon prio=10 tid=0x00007f2be0521c00 nid=0x683e in Object.wait() [0x000000003b9b6000..0x000000003b9b6bf0]
  java.lang.Thread.State: TIMED_WAITING (on object monitor)
   at java.lang.Object.wait(Native Method)
   - waiting on <0x00007f2beab2fda0> (a java.lang.ref.ReferenceQueue$Lock)
   at java.lang.ref.ReferenceQueue.remove(ReferenceQueue.java:116)
   - locked <0x00007f2beab2fda0> (a java.lang.ref.ReferenceQueue$Lock)
   at sun.rmi.transport.DGCClient$EndpointEntry$RenewCleanThread.run(DGCClient.java:516)
   at java.lang.Thread.run(Thread.java:619)

"RMI RenewClean-[138.96.218.119:58450]" daemon prio=10 tid=0x00007f2be0521400 nid=0x683d in Object.wait() [0x000000003222b000..0x000000003222bb70]
  java.lang.Thread.State: TIMED_WAITING (on object monitor)
   at java.lang.Object.wait(Native Method)
   - waiting on <0x00007f2beab30df0> (a java.lang.ref.ReferenceQueue$Lock)
   at java.lang.ref.ReferenceQueue.remove(ReferenceQueue.java:116)
   - locked <0x00007f2beab30df0> (a java.lang.ref.ReferenceQueue$Lock)
   at sun.rmi.transport.DGCClient$EndpointEntry$RenewCleanThread.run(DGCClient.java:516)
   at java.lang.Thread.run(Thread.java:619)

"GC Daemon" daemon prio=10 tid=0x00007f2be0542800 nid=0x683a in Object.wait() [0x0000000002558000..0x0000000002558a70]
  java.lang.Thread.State: TIMED_WAITING (on object monitor)
   at java.lang.Object.wait(Native Method)
   - waiting on <0x00007f2bea8a0148> (a sun.misc.GC$LatencyLock)
   at sun.misc.GC$Daemon.run(GC.java:100)
   - locked <0x00007f2bea8a0148> (a sun.misc.GC$LatencyLock)

"RMI Reaper" prio=10 tid=0x00007f2be01f8c00 nid=0x6839 in Object.wait() [0x0000000032495000..0x00000000324959f0]
  java.lang.Thread.State: WAITING (on object monitor)
   at java.lang.Object.wait(Native Method)
   - waiting on <0x00007f2bea8c8830> (a java.lang.ref.ReferenceQueue$Lock)
   at java.lang.ref.ReferenceQueue.remove(ReferenceQueue.java:116)
   - locked <0x00007f2bea8c8830> (a java.lang.ref.ReferenceQueue$Lock)
   at java.lang.ref.ReferenceQueue.remove(ReferenceQueue.java:132)
   at sun.rmi.transport.ObjectTable$Reaper.run(ObjectTable.java:333)
   at java.lang.Thread.run(Thread.java:619)

"RMI TCP Accept-0" daemon prio=10 tid=0x00007f2be01f8400 nid=0x6838 runnable [0x00000000106a1000..0x00000000106a1d70]
  java.lang.Thread.State: RUNNABLE
   at java.net.PlainSocketImpl.socketAccept(Native Method)
   at java.net.PlainSocketImpl.accept(PlainSocketImpl.java:384)
   - locked <0x00007f2bea8c8928> (a java.net.SocksSocketImpl)
   at java.net.ServerSocket.implAccept(ServerSocket.java:453)
   at java.net.ServerSocket.accept(ServerSocket.java:421)
   at sun.rmi.transport.tcp.TCPTransport$AcceptLoop.executeAcceptLoop(TCPTransport.java:369)
   at sun.rmi.transport.tcp.TCPTransport$AcceptLoop.run(TCPTransport.java:341)
   at java.lang.Thread.run(Thread.java:619)

"RMI Scheduler(0)" daemon prio=10 tid=0x00007f2be0395800 nid=0x6837 waiting on condition [0x0000000034af6000..0x0000000034af6cf0]
  java.lang.Thread.State: TIMED_WAITING (parking)
   at sun.misc.Unsafe.park(Native Method)
   - parking to wait for  <0x00007f2bea8c8af0> (a java.util.concurrent.locks.AbstractQueuedSynchronizer$ConditionObject)
   at java.util.concurrent.locks.LockSupport.parkNanos(LockSupport.java:198)
   at java.util.concurrent.locks.AbstractQueuedSynchronizer$ConditionObject.awaitNanos(AbstractQueuedSynchronizer.java:1963)
   at java.util.concurrent.DelayQueue.take(DelayQueue.java:164)
   at java.util.concurrent.ScheduledThreadPoolExecutor$DelayedWorkQueue.take(ScheduledThreadPoolExecutor.java:582)
   at java.util.concurrent.ScheduledThreadPoolExecutor$DelayedWorkQueue.take(ScheduledThreadPoolExecutor.java:575)
   at java.util.concurrent.ThreadPoolExecutor.getTask(ThreadPoolExecutor.java:946)
   at java.util.concurrent.ThreadPoolExecutor$Worker.run(ThreadPoolExecutor.java:906)
   at java.lang.Thread.run(Thread.java:619)

"pool-1-thread-1 - Acceptor0 SelectChannelConnector@0.0.0.0:60415" prio=10 tid=0x00007f2be01fec00 nid=0x6836 runnable [0x0000000012977000..0x0000000012977c70]
  java.lang.Thread.State: RUNNABLE
   at sun.nio.ch.EPollArrayWrapper.epollWait(Native Method)
   at sun.nio.ch.EPollArrayWrapper.poll(EPollArrayWrapper.java:215)
   at sun.nio.ch.EPollSelectorImpl.doSelect(EPollSelectorImpl.java:65)
   at sun.nio.ch.SelectorImpl.lockAndDoSelect(SelectorImpl.java:69)
   - locked <0x00007f2bea8c8d80> (a sun.nio.ch.Util$1)
   - locked <0x00007f2bea8c8d98> (a java.util.Collections$UnmodifiableSet)
   - locked <0x00007f2bea8c8d08> (a sun.nio.ch.EPollSelectorImpl)
   at sun.nio.ch.SelectorImpl.select(SelectorImpl.java:80)
   at org.mortbay.io.nio.SelectorManager$SelectSet.doSelect(SelectorManager.java:411)
   at org.mortbay.io.nio.SelectorManager.doSelect(SelectorManager.java:167)
   at org.mortbay.jetty.nio.SelectChannelConnector.accept(SelectChannelConnector.java:124)
   at org.mortbay.jetty.AbstractConnector$Acceptor.run(AbstractConnector.java:707)
   at java.util.concurrent.ThreadPoolExecutor$Worker.runTask(ThreadPoolExecutor.java:885)
   at java.util.concurrent.ThreadPoolExecutor$Worker.run(ThreadPoolExecutor.java:907)
   at java.lang.Thread.run(Thread.java:619)

"Timer-0" daemon prio=10 tid=0x00007f2be042ac00 nid=0x6835 in Object.wait() [0x0000000002451000..0x0000000002451bf0]
  java.lang.Thread.State: TIMED_WAITING (on object monitor)
   at java.lang.Object.wait(Native Method)
   - waiting on <0x00007f2bea8cabd0> (a java.util.TaskQueue)
   at java.util.TimerThread.mainLoop(Timer.java:509)
   - locked <0x00007f2bea8cabd0> (a java.util.TaskQueue)
   at java.util.TimerThread.run(Timer.java:462)

"Low Memory Detector" daemon prio=10 tid=0x00007f2be0003c00 nid=0x6833 runnable [0x0000000000000000..0x0000000000000000]
  java.lang.Thread.State: RUNNABLE

"CompilerThread1" daemon prio=10 tid=0x00007f2be0001000 nid=0x6832 waiting on condition [0x0000000000000000..0x0000000001deb310]
  java.lang.Thread.State: RUNNABLE

"CompilerThread0" daemon prio=10 tid=0x0000000041541000 nid=0x6831 waiting on condition [0x0000000000000000..0x0000000001cea290]
  java.lang.Thread.State: RUNNABLE

"Signal Dispatcher" daemon prio=10 tid=0x000000004153f800 nid=0x6830 runnable [0x0000000000000000..0x000000003b744a00]
  java.lang.Thread.State: RUNNABLE

"Finalizer" daemon prio=10 tid=0x0000000041516c00 nid=0x682f in Object.wait() [0x0000000001bea000..0x0000000001beacf0]
  java.lang.Thread.State: WAITING (on object monitor)
   at java.lang.Object.wait(Native Method)
   - waiting on <0x00007f2bea98c398> (a java.lang.ref.ReferenceQueue$Lock)
   at java.lang.ref.ReferenceQueue.remove(ReferenceQueue.java:116)
   - locked <0x00007f2bea98c398> (a java.lang.ref.ReferenceQueue$Lock)
   at java.lang.ref.ReferenceQueue.remove(ReferenceQueue.java:132)
   at java.lang.ref.Finalizer$FinalizerThread.run(Finalizer.java:159)

"Reference Handler" daemon prio=10 tid=0x0000000041510000 nid=0x682e in Object.wait() [0x000000000bdf6000..0x000000000bdf6c70]
  java.lang.Thread.State: WAITING (on object monitor)
   at java.lang.Object.wait(Native Method)
   - waiting on <0x00007f2bea8c8810> (a java.lang.ref.Reference$Lock)
   at java.lang.Object.wait(Object.java:485)
   at java.lang.ref.Reference$ReferenceHandler.run(Reference.java:116)
   - locked <0x00007f2bea8c8810> (a java.lang.ref.Reference$Lock)

"VM Thread" prio=10 tid=0x000000004150ac00 nid=0x682d runnable

"GC task thread#0 (ParallelGC)" prio=10 tid=0x00000000414b2c00 nid=0x6829 runnable

"GC task thread#1 (ParallelGC)" prio=10 tid=0x00000000414b4000 nid=0x682a runnable

"GC task thread#2 (ParallelGC)" prio=10 tid=0x00000000414b5400 nid=0x682b runnable

"GC task thread#3 (ParallelGC)" prio=10 tid=0x00000000414b6800 nid=0x682c runnable

"VM Periodic Task Thread" prio=10 tid=0x00007f2be000e000 nid=0x6834 waiting on condition

JNI global references: 1148 
