2009-07-21 11:42:21,243  INFO [main]: Remote Object Factory provider <pamr, class org.objectweb.proactive.extra.messagerouting.remoteobject.MessageRoutingRemoteObjectFactory> found
2009-07-21 11:42:21,273  INFO [main]: Detected an existing RMI Registry on port 2012
2009-07-21 11:42:21,574  INFO [main]: Generating class : pa.stub.org.ow2.proactive.scheduler.gui.data._StubJobsController
2009-07-21 11:43:06,720  INFO [main]: Generating class : pa.stub.org.ow2.proactive.scheduler.gui.data._StubSchedulerProxy
2009-07-21 11:44:04,116  INFO [main]: Job successfully created !
2009-07-21 13:14:29,374  INFO [main]: Remote Object Factory provider <pamr, class org.objectweb.proactive.extra.messagerouting.remoteobject.MessageRoutingRemoteObjectFactory> found
2009-07-21 13:14:29,404  INFO [main]: Detected an existing RMI Registry on port 1099
2009-07-21 13:14:29,767  INFO [main]: Generating class : pa.stub.org.ow2.proactive.scheduler.gui.data._StubJobsController
2009-07-21 13:14:32,354  INFO [main]: Generating class : pa.stub.org.ow2.proactive.scheduler.gui.data._StubSchedulerProxy
2009-07-21 13:15:06,020  INFO [main]: Job successfully created !
2009-07-21 13:15:45,182  INFO [main]: Job successfully created !
2009-07-21 14:22:19,183  WARN [Thread-9]: unable to contact remote object at rmi://pataud:1099/SCHEDULER when calling receiveFTMessage
2009-07-21 14:22:23,282  WARN [SchedulerProxy on rmi://pataud:1099/Node1353717773]: unable to contact remote object at rmi://pataud:1099/-5aaad331-1229cd8d2bc--7edb--edd36c1b2395e0ab--5aaad331-1229cd8d2bc--8000 when calling receiveRequest
2009-07-21 14:22:23,335 ERROR [main]: **ERROR** Unable to read node configuration. Fault-tolerance is disabled
2009-07-21 14:24:43,682  INFO [main]: Job successfully created !
2009-07-21 14:25:26,820  INFO [main]: Job successfully created !
2009-07-21 14:25:43,380  INFO [main]: Job successfully created !
2009-07-21 14:29:48,228  INFO [main]: Remote Object Factory provider <pamr, class org.objectweb.proactive.extra.messagerouting.remoteobject.MessageRoutingRemoteObjectFactory> found
2009-07-21 14:29:48,258  INFO [main]: Detected an existing RMI Registry on port 1099
2009-07-21 14:29:48,630  INFO [main]: Generating class : pa.stub.org.ow2.proactive.scheduler.gui.data._StubJobsController
2009-07-21 17:44:43,629  INFO [main]: Remote Object Factory provider <pamr, class org.objectweb.proactive.extra.messagerouting.remoteobject.MessageRoutingRemoteObjectFactory> found
2009-07-21 17:44:43,657  INFO [main]: Detected an existing RMI Registry on port 1099
2009-07-21 17:44:44,028  INFO [main]: Generating class : pa.stub.org.ow2.proactive.scheduler.gui.data._StubJobsController
2009-07-21 17:44:47,293  INFO [main]: Generating class : pa.stub.org.ow2.proactive.scheduler.gui.data._StubSchedulerProxy
2009-07-21 17:45:29,980  INFO [RMI TCP Connection(3)-192.168.1.11]: Generating class : pa.stub.org.objectweb.proactive.core.util.log.remote._StubProActiveLogCollector
2009-07-21 17:59:38,713  INFO [main]: Remote Object Factory provider <pamr, class org.objectweb.proactive.extra.messagerouting.remoteobject.MessageRoutingRemoteObjectFactory> found
2009-07-21 17:59:38,742  INFO [main]: Detected an existing RMI Registry on port 1099
2009-07-21 17:59:39,086  INFO [main]: Generating class : pa.stub.org.ow2.proactive.scheduler.gui.data._StubJobsController
2009-07-21 17:59:41,588  INFO [main]: Generating class : pa.stub.org.ow2.proactive.scheduler.gui.data._StubSchedulerProxy
2009-07-21 18:01:11,574  INFO [main]: Job successfully created !
2009-07-22 12:34:49,807  INFO [main]: Remote Object Factory provider <pamr, class org.objectweb.proactive.extra.messagerouting.remoteobject.MessageRoutingRemoteObjectFactory> found
2009-07-22 12:34:49,837  INFO [main]: Detected an existing RMI Registry on port 1099
2009-07-22 12:34:50,234  INFO [main]: Generating class : pa.stub.org.ow2.proactive.scheduler.gui.data._StubJobsController
2009-07-22 12:35:00,452  INFO [main]: Generating class : pa.stub.org.ow2.proactive.scheduler.gui.data._StubSchedulerProxy
2009-07-22 12:45:25,358  INFO [main]: Job successfully created !
2009-07-22 13:37:52,557  INFO [main]: Remote Object Factory provider <pamr, class org.objectweb.proactive.extra.messagerouting.remoteobject.MessageRoutingRemoteObjectFactory> found
2009-07-22 13:37:52,604  INFO [main]: Detected an existing RMI Registry on port 1099
2009-07-22 13:37:53,017  INFO [main]: Generating class : pa.stub.org.ow2.proactive.scheduler.gui.data._StubJobsController
2009-07-22 13:37:57,582  INFO [main]: Generating class : pa.stub.org.ow2.proactive.scheduler.gui.data._StubSchedulerProxy
2009-07-22 13:43:34,658  INFO [main]: Remote Object Factory provider <pamr, class org.objectweb.proactive.extra.messagerouting.remoteobject.MessageRoutingRemoteObjectFactory> found
2009-07-22 13:43:34,784  INFO [main]: Detected an existing RMI Registry on port 1099
2009-07-22 13:43:36,155  INFO [main]: Generating class : pa.stub.org.ow2.proactive.scheduler.gui.data._StubJobsController
2009-07-22 13:44:25,110  INFO [main]: Generating class : pa.stub.org.ow2.proactive.scheduler.gui.data._StubSchedulerProxy
2009-07-23 09:54:36,328  INFO [main]: Remote Object Factory provider <pamr, class org.objectweb.proactive.extra.messagerouting.remoteobject.MessageRoutingRemoteObjectFactory> found
2009-07-23 09:54:36,375  INFO [main]: Detected an existing RMI Registry on port 1099
2009-07-23 09:54:36,751  INFO [main]: Generating class : pa.stub.org.ow2.proactive.scheduler.gui.data._StubJobsController
2009-07-23 09:55:07,794  INFO [main]: Generating class : pa.stub.org.ow2.proactive.scheduler.gui.data._StubSchedulerProxy
2009-07-23 09:55:55,746  INFO [main]: Job successfully created !
2009-07-23 12:01:13,148  INFO [main]: Remote Object Factory provider <pamr, class org.objectweb.proactive.extra.messagerouting.remoteobject.MessageRoutingRemoteObjectFactory> found
2009-07-23 12:01:13,177  INFO [main]: Detected an existing RMI Registry on port 1099
2009-07-23 12:01:13,489  INFO [main]: Generating class : pa.stub.org.ow2.proactive.scheduler.gui.data._StubJobsController
2009-07-23 12:01:15,997  INFO [main]: Generating class : pa.stub.org.ow2.proactive.scheduler.gui.data._StubSchedulerProxy
2009-07-23 12:02:38,306  INFO [main]: Job successfully created !
2009-07-23 12:04:01,143  INFO [main]: Job successfully created !
2009-07-23 12:05:02,564  INFO [main]: Remote Object Factory provider <pamr, class org.objectweb.proactive.extra.messagerouting.remoteobject.MessageRoutingRemoteObjectFactory> found
2009-07-23 12:05:02,593  INFO [main]: Detected an existing RMI Registry on port 1099
2009-07-23 12:05:02,917  INFO [main]: Generating class : pa.stub.org.ow2.proactive.scheduler.gui.data._StubJobsController
2009-07-23 12:05:04,990  INFO [main]: Generating class : pa.stub.org.ow2.proactive.scheduler.gui.data._StubSchedulerProxy
2009-07-23 12:06:05,823  INFO [main]: Job successfully created !
2009-07-23 12:09:12,312  INFO [RMI TCP Connection(6)-192.168.1.11]: Generating class : pa.stub.org.objectweb.proactive.core.util.log.remote._StubProActiveLogCollector
2009-07-27 11:02:40,104  INFO [main]: Remote Object Factory provider <pamr, class org.objectweb.proactive.extra.messagerouting.remoteobject.MessageRoutingRemoteObjectFactory> found
2009-07-27 11:02:40,189  INFO [main]: Detected an existing RMI Registry on port 1099
2009-07-27 11:02:40,646  INFO [main]: Generating class : pa.stub.org.ow2.proactive.scheduler.gui.data._StubJobsController
2009-07-27 11:10:24,575  INFO [main]: Generating class : pa.stub.org.ow2.proactive.scheduler.gui.data._StubSchedulerProxy
2009-07-27 11:10:42,952  INFO [main]: Job successfully created !
2009-07-27 11:12:07,807  INFO [main]: Remote Object Factory provider <pamr, class org.objectweb.proactive.extra.messagerouting.remoteobject.MessageRoutingRemoteObjectFactory> found
2009-07-27 11:12:07,838  INFO [main]: Detected an existing RMI Registry on port 1099
2009-07-27 11:12:08,152  INFO [main]: Generating class : pa.stub.org.ow2.proactive.scheduler.gui.data._StubJobsController
2009-07-27 11:12:11,520  INFO [main]: Generating class : pa.stub.org.ow2.proactive.scheduler.gui.data._StubSchedulerProxy
2009-07-27 11:13:53,398 ERROR [JobsController on rmi://pataud:1099/Node539390116]: org.eclipse.swt.SWTException: Failed to execute runnable (org.eclipse.swt.SWTError: Item not removed)
org.eclipse.swt.SWTException: Failed to execute runnable (org.eclipse.swt.SWTError: Item not removed)
	at org.eclipse.swt.SWT.error(SWT.java:3777)
	at org.eclipse.swt.SWT.error(SWT.java:3695)
	at org.eclipse.swt.widgets.Synchronizer.syncExec(Synchronizer.java:194)
	at org.eclipse.ui.internal.UISynchronizer.syncExec(UISynchronizer.java:150)
	at org.eclipse.swt.widgets.Display.syncExec(Display.java:4021)
	at org.ow2.proactive.scheduler.gui.composite.AbstractJobComposite.removeJob(AbstractJobComposite.java:553)
	at org.ow2.proactive.scheduler.gui.composite.PendingJobComposite.removePendingJob(PendingJobComposite.java:108)
	at org.ow2.proactive.scheduler.gui.data.JobsController.removePendingJobEventInternal(JobsController.java:134)
	at org.ow2.proactive.scheduler.gui.data.JobsController.jobPendingToRunningEvent(JobsController.java:369)
	at org.ow2.proactive.scheduler.gui.data.JobsController.jobStateUpdatedEvent(JobsController.java:315)
	at sun.reflect.NativeMethodAccessorImpl.invoke0(Native Method)
	at sun.reflect.NativeMethodAccessorImpl.invoke(NativeMethodAccessorImpl.java:39)
	at sun.reflect.DelegatingMethodAccessorImpl.invoke(DelegatingMethodAccessorImpl.java:25)
	at java.lang.reflect.Method.invoke(Method.java:597)
	at org.objectweb.proactive.core.mop.MethodCall.execute(MethodCall.java:395)
	at org.objectweb.proactive.core.body.request.RequestImpl.serveInternal(RequestImpl.java:230)
	at org.objectweb.proactive.core.body.request.RequestImpl.serve(RequestImpl.java:174)
	at org.objectweb.proactive.core.body.BodyImpl$ActiveLocalBodyStrategy.serveInternal(BodyImpl.java:562)
	at org.objectweb.proactive.core.body.BodyImpl$ActiveLocalBodyStrategy.serve(BodyImpl.java:525)
	at org.objectweb.proactive.core.body.AbstractBody.serve(AbstractBody.java:922)
	at org.objectweb.proactive.Service.blockingServeOldest(Service.java:175)
	at org.objectweb.proactive.Service.blockingServeOldest(Service.java:150)
	at org.objectweb.proactive.Service.fifoServing(Service.java:126)
	at org.objectweb.proactive.core.body.ActiveBody$FIFORunActive.runActivity(ActiveBody.java:317)
	at org.objectweb.proactive.core.body.ActiveBody.run(ActiveBody.java:197)
	at java.lang.Thread.run(Thread.java:619)
Caused by: org.eclipse.swt.SWTError: Item not removed
	at org.eclipse.swt.SWT.error(SWT.java:3803)
	at org.eclipse.swt.SWT.error(SWT.java:3695)
	at org.eclipse.swt.SWT.error(SWT.java:3666)
	at org.eclipse.swt.widgets.Widget.error(Widget.java:446)
	at org.eclipse.swt.widgets.Table.remove(Table.java:2221)
	at org.ow2.proactive.scheduler.gui.composite.AbstractJobComposite$11.run(AbstractJobComposite.java:557)
	at org.eclipse.swt.widgets.RunnableLock.run(RunnableLock.java:35)
	at org.eclipse.swt.widgets.Synchronizer.runAsyncMessages(Synchronizer.java:133)
	at org.eclipse.swt.widgets.Display.runAsyncMessages(Display.java:3378)
	at org.eclipse.swt.widgets.Display.readAndDispatch(Display.java:3036)
	at org.eclipse.ui.internal.Workbench.runEventLoop(Workbench.java:2382)
	at org.eclipse.ui.internal.Workbench.runUI(Workbench.java:2346)
	at org.eclipse.ui.internal.Workbench.access$4(Workbench.java:2198)
	at org.eclipse.ui.internal.Workbench$5.run(Workbench.java:493)
	at org.eclipse.core.databinding.observable.Realm.runWithDefault(Realm.java:288)
	at org.eclipse.ui.internal.Workbench.createAndRunWorkbench(Workbench.java:488)
	at org.eclipse.ui.PlatformUI.createAndRunWorkbench(PlatformUI.java:149)
	at org.ow2.proactive.scheduler.Application.run(Application.java:60)
	at sun.reflect.NativeMethodAccessorImpl.invoke0(Native Method)
	at sun.reflect.NativeMethodAccessorImpl.invoke(NativeMethodAccessorImpl.java:39)
	at sun.reflect.DelegatingMethodAccessorImpl.invoke(DelegatingMethodAccessorImpl.java:25)
	at java.lang.reflect.Method.invoke(Method.java:597)
	at org.eclipse.equinox.internal.app.EclipseAppContainer.callMethodWithException(EclipseAppContainer.java:574)
	at org.eclipse.equinox.internal.app.EclipseAppHandle.run(EclipseAppHandle.java:195)
	at org.eclipse.core.runtime.internal.adaptor.EclipseAppLauncher.runApplication(EclipseAppLauncher.java:110)
	at org.eclipse.core.runtime.internal.adaptor.EclipseAppLauncher.start(EclipseAppLauncher.java:79)
	at org.eclipse.core.runtime.adaptor.EclipseStarter.run(EclipseStarter.java:386)
	at org.eclipse.core.runtime.adaptor.EclipseStarter.run(EclipseStarter.java:179)
	at sun.reflect.NativeMethodAccessorImpl.invoke0(Native Method)
	at sun.reflect.NativeMethodAccessorImpl.invoke(NativeMethodAccessorImpl.java:39)
	at sun.reflect.DelegatingMethodAccessorImpl.invoke(DelegatingMethodAccessorImpl.java:25)
	at java.lang.reflect.Method.invoke(Method.java:597)
	at org.eclipse.equinox.launcher.Main.invokeFramework(Main.java:549)
	at org.eclipse.equinox.launcher.Main.basicRun(Main.java:504)
	at org.eclipse.equinox.launcher.Main.run(Main.java:1236)
	at org.eclipse.equinox.launcher.Main.main(Main.java:1212)
2009-07-27 11:13:53,413 ERROR [JobsController on rmi://pataud:1099/Node539390116]: org.eclipse.swt.SWTException: Failed to execute runnable (java.lang.NullPointerException)
org.eclipse.swt.SWTException: Failed to execute runnable (java.lang.NullPointerException)
	at org.eclipse.swt.SWT.error(SWT.java:3777)
	at org.eclipse.swt.SWT.error(SWT.java:3695)
	at org.eclipse.swt.widgets.Synchronizer.syncExec(Synchronizer.java:194)
	at org.eclipse.ui.internal.UISynchronizer.syncExec(UISynchronizer.java:150)
	at org.eclipse.swt.widgets.Display.syncExec(Display.java:4021)
	at org.ow2.proactive.scheduler.gui.composite.AbstractJobComposite.stateUpdate(AbstractJobComposite.java:430)
	at org.ow2.proactive.scheduler.gui.composite.RunningJobComposite.runningTaskEvent(RunningJobComposite.java:275)
	at org.ow2.proactive.scheduler.gui.data.JobsController.pendingToRunningTaskEventInternal(JobsController.java:164)
	at org.ow2.proactive.scheduler.gui.data.JobsController.taskPendingToRunningEvent(JobsController.java:557)
	at org.ow2.proactive.scheduler.gui.data.JobsController.taskStateUpdatedEvent(JobsController.java:341)
	at sun.reflect.NativeMethodAccessorImpl.invoke0(Native Method)
	at sun.reflect.NativeMethodAccessorImpl.invoke(NativeMethodAccessorImpl.java:39)
	at sun.reflect.DelegatingMethodAccessorImpl.invoke(DelegatingMethodAccessorImpl.java:25)
	at java.lang.reflect.Method.invoke(Method.java:597)
	at org.objectweb.proactive.core.mop.MethodCall.execute(MethodCall.java:395)
	at org.objectweb.proactive.core.body.request.RequestImpl.serveInternal(RequestImpl.java:230)
	at org.objectweb.proactive.core.body.request.RequestImpl.serve(RequestImpl.java:174)
	at org.objectweb.proactive.core.body.BodyImpl$ActiveLocalBodyStrategy.serveInternal(BodyImpl.java:562)
	at org.objectweb.proactive.core.body.BodyImpl$ActiveLocalBodyStrategy.serve(BodyImpl.java:525)
	at org.objectweb.proactive.core.body.AbstractBody.serve(AbstractBody.java:922)
	at org.objectweb.proactive.Service.blockingServeOldest(Service.java:175)
	at org.objectweb.proactive.Service.blockingServeOldest(Service.java:150)
	at org.objectweb.proactive.Service.fifoServing(Service.java:126)
	at org.objectweb.proactive.core.body.ActiveBody$FIFORunActive.runActivity(ActiveBody.java:317)
	at org.objectweb.proactive.core.body.ActiveBody.run(ActiveBody.java:197)
	at java.lang.Thread.run(Thread.java:619)
Caused by: java.lang.NullPointerException
	at org.ow2.proactive.scheduler.gui.composite.AbstractJobComposite$9.run(AbstractJobComposite.java:454)
	at org.eclipse.swt.widgets.RunnableLock.run(RunnableLock.java:35)
	at org.eclipse.swt.widgets.Synchronizer.runAsyncMessages(Synchronizer.java:133)
	at org.eclipse.swt.widgets.Display.runAsyncMessages(Display.java:3378)
	at org.eclipse.swt.widgets.Display.readAndDispatch(Display.java:3036)
	at org.eclipse.ui.internal.Workbench.runEventLoop(Workbench.java:2382)
	at org.eclipse.ui.internal.Workbench.runUI(Workbench.java:2346)
	at org.eclipse.ui.internal.Workbench.access$4(Workbench.java:2198)
	at org.eclipse.ui.internal.Workbench$5.run(Workbench.java:493)
	at org.eclipse.core.databinding.observable.Realm.runWithDefault(Realm.java:288)
	at org.eclipse.ui.internal.Workbench.createAndRunWorkbench(Workbench.java:488)
	at org.eclipse.ui.PlatformUI.createAndRunWorkbench(PlatformUI.java:149)
	at org.ow2.proactive.scheduler.Application.run(Application.java:60)
	at sun.reflect.NativeMethodAccessorImpl.invoke0(Native Method)
	at sun.reflect.NativeMethodAccessorImpl.invoke(NativeMethodAccessorImpl.java:39)
	at sun.reflect.DelegatingMethodAccessorImpl.invoke(DelegatingMethodAccessorImpl.java:25)
	at java.lang.reflect.Method.invoke(Method.java:597)
	at org.eclipse.equinox.internal.app.EclipseAppContainer.callMethodWithException(EclipseAppContainer.java:574)
	at org.eclipse.equinox.internal.app.EclipseAppHandle.run(EclipseAppHandle.java:195)
	at org.eclipse.core.runtime.internal.adaptor.EclipseAppLauncher.runApplication(EclipseAppLauncher.java:110)
	at org.eclipse.core.runtime.internal.adaptor.EclipseAppLauncher.start(EclipseAppLauncher.java:79)
	at org.eclipse.core.runtime.adaptor.EclipseStarter.run(EclipseStarter.java:386)
	at org.eclipse.core.runtime.adaptor.EclipseStarter.run(EclipseStarter.java:179)
	at sun.reflect.NativeMethodAccessorImpl.invoke0(Native Method)
	at sun.reflect.NativeMethodAccessorImpl.invoke(NativeMethodAccessorImpl.java:39)
	at sun.reflect.DelegatingMethodAccessorImpl.invoke(DelegatingMethodAccessorImpl.java:25)
	at java.lang.reflect.Method.invoke(Method.java:597)
	at org.eclipse.equinox.launcher.Main.invokeFramework(Main.java:549)
	at org.eclipse.equinox.launcher.Main.basicRun(Main.java:504)
	at org.eclipse.equinox.launcher.Main.run(Main.java:1236)
	at org.eclipse.equinox.launcher.Main.main(Main.java:1212)
2009-07-27 11:13:53,415 ERROR [JobsController on rmi://pataud:1099/Node539390116]: org.eclipse.swt.SWTException: Failed to execute runnable (java.lang.NullPointerException)
org.eclipse.swt.SWTException: Failed to execute runnable (java.lang.NullPointerException)
	at org.eclipse.swt.SWT.error(SWT.java:3777)
	at org.eclipse.swt.SWT.error(SWT.java:3695)
	at org.eclipse.swt.widgets.Synchronizer.syncExec(Synchronizer.java:194)
	at org.eclipse.ui.internal.UISynchronizer.syncExec(UISynchronizer.java:150)
	at org.eclipse.swt.widgets.Display.syncExec(Display.java:4021)
	at org.ow2.proactive.scheduler.gui.composite.AbstractJobComposite.stateUpdate(AbstractJobComposite.java:430)
	at org.ow2.proactive.scheduler.gui.composite.RunningJobComposite.runningTaskEvent(RunningJobComposite.java:275)
	at org.ow2.proactive.scheduler.gui.data.JobsController.pendingToRunningTaskEventInternal(JobsController.java:164)
	at org.ow2.proactive.scheduler.gui.data.JobsController.taskPendingToRunningEvent(JobsController.java:557)
	at org.ow2.proactive.scheduler.gui.data.JobsController.taskStateUpdatedEvent(JobsController.java:341)
	at sun.reflect.NativeMethodAccessorImpl.invoke0(Native Method)
	at sun.reflect.NativeMethodAccessorImpl.invoke(NativeMethodAccessorImpl.java:39)
	at sun.reflect.DelegatingMethodAccessorImpl.invoke(DelegatingMethodAccessorImpl.java:25)
	at java.lang.reflect.Method.invoke(Method.java:597)
	at org.objectweb.proactive.core.mop.MethodCall.execute(MethodCall.java:395)
	at org.objectweb.proactive.core.body.request.RequestImpl.serveInternal(RequestImpl.java:230)
	at org.objectweb.proactive.core.body.request.RequestImpl.serve(RequestImpl.java:174)
	at org.objectweb.proactive.core.body.BodyImpl$ActiveLocalBodyStrategy.serveInternal(BodyImpl.java:562)
	at org.objectweb.proactive.core.body.BodyImpl$ActiveLocalBodyStrategy.serve(BodyImpl.java:525)
	at org.objectweb.proactive.core.body.AbstractBody.serve(AbstractBody.java:922)
	at org.objectweb.proactive.Service.blockingServeOldest(Service.java:175)
	at org.objectweb.proactive.Service.blockingServeOldest(Service.java:150)
	at org.objectweb.proactive.Service.fifoServing(Service.java:126)
	at org.objectweb.proactive.core.body.ActiveBody$FIFORunActive.runActivity(ActiveBody.java:317)
	at org.objectweb.proactive.core.body.ActiveBody.run(ActiveBody.java:197)
	at java.lang.Thread.run(Thread.java:619)
Caused by: java.lang.NullPointerException
	at org.ow2.proactive.scheduler.gui.composite.AbstractJobComposite$9.run(AbstractJobComposite.java:454)
	at org.eclipse.swt.widgets.RunnableLock.run(RunnableLock.java:35)
	at org.eclipse.swt.widgets.Synchronizer.runAsyncMessages(Synchronizer.java:133)
	at org.eclipse.swt.widgets.Display.runAsyncMessages(Display.java:3378)
	at org.eclipse.swt.widgets.Display.readAndDispatch(Display.java:3036)
	at org.eclipse.ui.internal.Workbench.runEventLoop(Workbench.java:2382)
	at org.eclipse.ui.internal.Workbench.runUI(Workbench.java:2346)
	at org.eclipse.ui.internal.Workbench.access$4(Workbench.java:2198)
	at org.eclipse.ui.internal.Workbench$5.run(Workbench.java:493)
	at org.eclipse.core.databinding.observable.Realm.runWithDefault(Realm.java:288)
	at org.eclipse.ui.internal.Workbench.createAndRunWorkbench(Workbench.java:488)
	at org.eclipse.ui.PlatformUI.createAndRunWorkbench(PlatformUI.java:149)
	at org.ow2.proactive.scheduler.Application.run(Application.java:60)
	at sun.reflect.NativeMethodAccessorImpl.invoke0(Native Method)
	at sun.reflect.NativeMethodAccessorImpl.invoke(NativeMethodAccessorImpl.java:39)
	at sun.reflect.DelegatingMethodAccessorImpl.invoke(DelegatingMethodAccessorImpl.java:25)
	at java.lang.reflect.Method.invoke(Method.java:597)
	at org.eclipse.equinox.internal.app.EclipseAppContainer.callMethodWithException(EclipseAppContainer.java:574)
	at org.eclipse.equinox.internal.app.EclipseAppHandle.run(EclipseAppHandle.java:195)
	at org.eclipse.core.runtime.internal.adaptor.EclipseAppLauncher.runApplication(EclipseAppLauncher.java:110)
	at org.eclipse.core.runtime.internal.adaptor.EclipseAppLauncher.start(EclipseAppLauncher.java:79)
	at org.eclipse.core.runtime.adaptor.EclipseStarter.run(EclipseStarter.java:386)
	at org.eclipse.core.runtime.adaptor.EclipseStarter.run(EclipseStarter.java:179)
	at sun.reflect.NativeMethodAccessorImpl.invoke0(Native Method)
	at sun.reflect.NativeMethodAccessorImpl.invoke(NativeMethodAccessorImpl.java:39)
	at sun.reflect.DelegatingMethodAccessorImpl.invoke(DelegatingMethodAccessorImpl.java:25)
	at java.lang.reflect.Method.invoke(Method.java:597)
	at org.eclipse.equinox.launcher.Main.invokeFramework(Main.java:549)
	at org.eclipse.equinox.launcher.Main.basicRun(Main.java:504)
	at org.eclipse.equinox.launcher.Main.run(Main.java:1236)
	at org.eclipse.equinox.launcher.Main.main(Main.java:1212)
2009-07-27 11:13:53,416 ERROR [JobsController on rmi://pataud:1099/Node539390116]: org.eclipse.swt.SWTException: Failed to execute runnable (java.lang.NullPointerException)
org.eclipse.swt.SWTException: Failed to execute runnable (java.lang.NullPointerException)
	at org.eclipse.swt.SWT.error(SWT.java:3777)
	at org.eclipse.swt.SWT.error(SWT.java:3695)
	at org.eclipse.swt.widgets.Synchronizer.syncExec(Synchronizer.java:194)
	at org.eclipse.ui.internal.UISynchronizer.syncExec(UISynchronizer.java:150)
	at org.eclipse.swt.widgets.Display.syncExec(Display.java:4021)
	at org.ow2.proactive.scheduler.gui.composite.AbstractJobComposite.stateUpdate(AbstractJobComposite.java:430)
	at org.ow2.proactive.scheduler.gui.composite.RunningJobComposite.runningTaskEvent(RunningJobComposite.java:275)
	at org.ow2.proactive.scheduler.gui.data.JobsController.pendingToRunningTaskEventInternal(JobsController.java:164)
	at org.ow2.proactive.scheduler.gui.data.JobsController.taskPendingToRunningEvent(JobsController.java:557)
	at org.ow2.proactive.scheduler.gui.data.JobsController.taskStateUpdatedEvent(JobsController.java:341)
	at sun.reflect.NativeMethodAccessorImpl.invoke0(Native Method)
	at sun.reflect.NativeMethodAccessorImpl.invoke(NativeMethodAccessorImpl.java:39)
	at sun.reflect.DelegatingMethodAccessorImpl.invoke(DelegatingMethodAccessorImpl.java:25)
	at java.lang.reflect.Method.invoke(Method.java:597)
	at org.objectweb.proactive.core.mop.MethodCall.execute(MethodCall.java:395)
	at org.objectweb.proactive.core.body.request.RequestImpl.serveInternal(RequestImpl.java:230)
	at org.objectweb.proactive.core.body.request.RequestImpl.serve(RequestImpl.java:174)
	at org.objectweb.proactive.core.body.BodyImpl$ActiveLocalBodyStrategy.serveInternal(BodyImpl.java:562)
	at org.objectweb.proactive.core.body.BodyImpl$ActiveLocalBodyStrategy.serve(BodyImpl.java:525)
	at org.objectweb.proactive.core.body.AbstractBody.serve(AbstractBody.java:922)
	at org.objectweb.proactive.Service.blockingServeOldest(Service.java:175)
	at org.objectweb.proactive.Service.blockingServeOldest(Service.java:150)
	at org.objectweb.proactive.Service.fifoServing(Service.java:126)
	at org.objectweb.proactive.core.body.ActiveBody$FIFORunActive.runActivity(ActiveBody.java:317)
	at org.objectweb.proactive.core.body.ActiveBody.run(ActiveBody.java:197)
	at java.lang.Thread.run(Thread.java:619)
Caused by: java.lang.NullPointerException
	at org.ow2.proactive.scheduler.gui.composite.AbstractJobComposite$9.run(AbstractJobComposite.java:454)
	at org.eclipse.swt.widgets.RunnableLock.run(RunnableLock.java:35)
	at org.eclipse.swt.widgets.Synchronizer.runAsyncMessages(Synchronizer.java:133)
	at org.eclipse.swt.widgets.Display.runAsyncMessages(Display.java:3378)
	at org.eclipse.swt.widgets.Display.readAndDispatch(Display.java:3036)
	at org.eclipse.ui.internal.Workbench.runEventLoop(Workbench.java:2382)
	at org.eclipse.ui.internal.Workbench.runUI(Workbench.java:2346)
	at org.eclipse.ui.internal.Workbench.access$4(Workbench.java:2198)
	at org.eclipse.ui.internal.Workbench$5.run(Workbench.java:493)
	at org.eclipse.core.databinding.observable.Realm.runWithDefault(Realm.java:288)
	at org.eclipse.ui.internal.Workbench.createAndRunWorkbench(Workbench.java:488)
	at org.eclipse.ui.PlatformUI.createAndRunWorkbench(PlatformUI.java:149)
	at org.ow2.proactive.scheduler.Application.run(Application.java:60)
	at sun.reflect.NativeMethodAccessorImpl.invoke0(Native Method)
	at sun.reflect.NativeMethodAccessorImpl.invoke(NativeMethodAccessorImpl.java:39)
	at sun.reflect.DelegatingMethodAccessorImpl.invoke(DelegatingMethodAccessorImpl.java:25)
	at java.lang.reflect.Method.invoke(Method.java:597)
	at org.eclipse.equinox.internal.app.EclipseAppContainer.callMethodWithException(EclipseAppContainer.java:574)
	at org.eclipse.equinox.internal.app.EclipseAppHandle.run(EclipseAppHandle.java:195)
	at org.eclipse.core.runtime.internal.adaptor.EclipseAppLauncher.runApplication(EclipseAppLauncher.java:110)
	at org.eclipse.core.runtime.internal.adaptor.EclipseAppLauncher.start(EclipseAppLauncher.java:79)
	at org.eclipse.core.runtime.adaptor.EclipseStarter.run(EclipseStarter.java:386)
	at org.eclipse.core.runtime.adaptor.EclipseStarter.run(EclipseStarter.java:179)
	at sun.reflect.NativeMethodAccessorImpl.invoke0(Native Method)
	at sun.reflect.NativeMethodAccessorImpl.invoke(NativeMethodAccessorImpl.java:39)
	at sun.reflect.DelegatingMethodAccessorImpl.invoke(DelegatingMethodAccessorImpl.java:25)
	at java.lang.reflect.Method.invoke(Method.java:597)
	at org.eclipse.equinox.launcher.Main.invokeFramework(Main.java:549)
	at org.eclipse.equinox.launcher.Main.basicRun(Main.java:504)
	at org.eclipse.equinox.launcher.Main.run(Main.java:1236)
	at org.eclipse.equinox.launcher.Main.main(Main.java:1212)
2009-07-27 11:13:53,418 ERROR [JobsController on rmi://pataud:1099/Node539390116]: org.eclipse.swt.SWTException: Failed to execute runnable (java.lang.NullPointerException)
org.eclipse.swt.SWTException: Failed to execute runnable (java.lang.NullPointerException)
	at org.eclipse.swt.SWT.error(SWT.java:3777)
	at org.eclipse.swt.SWT.error(SWT.java:3695)
	at org.eclipse.swt.widgets.Synchronizer.syncExec(Synchronizer.java:194)
	at org.eclipse.ui.internal.UISynchronizer.syncExec(UISynchronizer.java:150)
	at org.eclipse.swt.widgets.Display.syncExec(Display.java:4021)
	at org.ow2.proactive.scheduler.gui.composite.AbstractJobComposite.stateUpdate(AbstractJobComposite.java:430)
	at org.ow2.proactive.scheduler.gui.composite.RunningJobComposite.runningTaskEvent(RunningJobComposite.java:275)
	at org.ow2.proactive.scheduler.gui.data.JobsController.pendingToRunningTaskEventInternal(JobsController.java:164)
	at org.ow2.proactive.scheduler.gui.data.JobsController.taskPendingToRunningEvent(JobsController.java:557)
	at org.ow2.proactive.scheduler.gui.data.JobsController.taskStateUpdatedEvent(JobsController.java:341)
	at sun.reflect.NativeMethodAccessorImpl.invoke0(Native Method)
	at sun.reflect.NativeMethodAccessorImpl.invoke(NativeMethodAccessorImpl.java:39)
	at sun.reflect.DelegatingMethodAccessorImpl.invoke(DelegatingMethodAccessorImpl.java:25)
	at java.lang.reflect.Method.invoke(Method.java:597)
	at org.objectweb.proactive.core.mop.MethodCall.execute(MethodCall.java:395)
	at org.objectweb.proactive.core.body.request.RequestImpl.serveInternal(RequestImpl.java:230)
	at org.objectweb.proactive.core.body.request.RequestImpl.serve(RequestImpl.java:174)
	at org.objectweb.proactive.core.body.BodyImpl$ActiveLocalBodyStrategy.serveInternal(BodyImpl.java:562)
	at org.objectweb.proactive.core.body.BodyImpl$ActiveLocalBodyStrategy.serve(BodyImpl.java:525)
	at org.objectweb.proactive.core.body.AbstractBody.serve(AbstractBody.java:922)
	at org.objectweb.proactive.Service.blockingServeOldest(Service.java:175)
	at org.objectweb.proactive.Service.blockingServeOldest(Service.java:150)
	at org.objectweb.proactive.Service.fifoServing(Service.java:126)
	at org.objectweb.proactive.core.body.ActiveBody$FIFORunActive.runActivity(ActiveBody.java:317)
	at org.objectweb.proactive.core.body.ActiveBody.run(ActiveBody.java:197)
	at java.lang.Thread.run(Thread.java:619)
Caused by: java.lang.NullPointerException
	at org.ow2.proactive.scheduler.gui.composite.AbstractJobComposite$9.run(AbstractJobComposite.java:454)
	at org.eclipse.swt.widgets.RunnableLock.run(RunnableLock.java:35)
	at org.eclipse.swt.widgets.Synchronizer.runAsyncMessages(Synchronizer.java:133)
	at org.eclipse.swt.widgets.Display.runAsyncMessages(Display.java:3378)
	at org.eclipse.swt.widgets.Display.readAndDispatch(Display.java:3036)
	at org.eclipse.ui.internal.Workbench.runEventLoop(Workbench.java:2382)
	at org.eclipse.ui.internal.Workbench.runUI(Workbench.java:2346)
	at org.eclipse.ui.internal.Workbench.access$4(Workbench.java:2198)
	at org.eclipse.ui.internal.Workbench$5.run(Workbench.java:493)
	at org.eclipse.core.databinding.observable.Realm.runWithDefault(Realm.java:288)
	at org.eclipse.ui.internal.Workbench.createAndRunWorkbench(Workbench.java:488)
	at org.eclipse.ui.PlatformUI.createAndRunWorkbench(PlatformUI.java:149)
	at org.ow2.proactive.scheduler.Application.run(Application.java:60)
	at sun.reflect.NativeMethodAccessorImpl.invoke0(Native Method)
	at sun.reflect.NativeMethodAccessorImpl.invoke(NativeMethodAccessorImpl.java:39)
	at sun.reflect.DelegatingMethodAccessorImpl.invoke(DelegatingMethodAccessorImpl.java:25)
	at java.lang.reflect.Method.invoke(Method.java:597)
	at org.eclipse.equinox.internal.app.EclipseAppContainer.callMethodWithException(EclipseAppContainer.java:574)
	at org.eclipse.equinox.internal.app.EclipseAppHandle.run(EclipseAppHandle.java:195)
	at org.eclipse.core.runtime.internal.adaptor.EclipseAppLauncher.runApplication(EclipseAppLauncher.java:110)
	at org.eclipse.core.runtime.internal.adaptor.EclipseAppLauncher.start(EclipseAppLauncher.java:79)
	at org.eclipse.core.runtime.adaptor.EclipseStarter.run(EclipseStarter.java:386)
	at org.eclipse.core.runtime.adaptor.EclipseStarter.run(EclipseStarter.java:179)
	at sun.reflect.NativeMethodAccessorImpl.invoke0(Native Method)
	at sun.reflect.NativeMethodAccessorImpl.invoke(NativeMethodAccessorImpl.java:39)
	at sun.reflect.DelegatingMethodAccessorImpl.invoke(DelegatingMethodAccessorImpl.java:25)
	at java.lang.reflect.Method.invoke(Method.java:597)
	at org.eclipse.equinox.launcher.Main.invokeFramework(Main.java:549)
	at org.eclipse.equinox.launcher.Main.basicRun(Main.java:504)
	at org.eclipse.equinox.launcher.Main.run(Main.java:1236)
	at org.eclipse.equinox.launcher.Main.main(Main.java:1212)
2009-07-27 11:13:53,419 ERROR [JobsController on rmi://pataud:1099/Node539390116]: org.eclipse.swt.SWTException: Failed to execute runnable (java.lang.NullPointerException)
org.eclipse.swt.SWTException: Failed to execute runnable (java.lang.NullPointerException)
	at org.eclipse.swt.SWT.error(SWT.java:3777)
	at org.eclipse.swt.SWT.error(SWT.java:3695)
	at org.eclipse.swt.widgets.Synchronizer.syncExec(Synchronizer.java:194)
	at org.eclipse.ui.internal.UISynchronizer.syncExec(UISynchronizer.java:150)
	at org.eclipse.swt.widgets.Display.syncExec(Display.java:4021)
	at org.ow2.proactive.scheduler.gui.composite.AbstractJobComposite.stateUpdate(AbstractJobComposite.java:430)
	at org.ow2.proactive.scheduler.gui.composite.RunningJobComposite.runningTaskEvent(RunningJobComposite.java:275)
	at org.ow2.proactive.scheduler.gui.data.JobsController.pendingToRunningTaskEventInternal(JobsController.java:164)
	at org.ow2.proactive.scheduler.gui.data.JobsController.taskPendingToRunningEvent(JobsController.java:557)
	at org.ow2.proactive.scheduler.gui.data.JobsController.taskStateUpdatedEvent(JobsController.java:341)
	at sun.reflect.NativeMethodAccessorImpl.invoke0(Native Method)
	at sun.reflect.NativeMethodAccessorImpl.invoke(NativeMethodAccessorImpl.java:39)
	at sun.reflect.DelegatingMethodAccessorImpl.invoke(DelegatingMethodAccessorImpl.java:25)
	at java.lang.reflect.Method.invoke(Method.java:597)
	at org.objectweb.proactive.core.mop.MethodCall.execute(MethodCall.java:395)
	at org.objectweb.proactive.core.body.request.RequestImpl.serveInternal(RequestImpl.java:230)
	at org.objectweb.proactive.core.body.request.RequestImpl.serve(RequestImpl.java:174)
	at org.objectweb.proactive.core.body.BodyImpl$ActiveLocalBodyStrategy.serveInternal(BodyImpl.java:562)
	at org.objectweb.proactive.core.body.BodyImpl$ActiveLocalBodyStrategy.serve(BodyImpl.java:525)
	at org.objectweb.proactive.core.body.AbstractBody.serve(AbstractBody.java:922)
	at org.objectweb.proactive.Service.blockingServeOldest(Service.java:175)
	at org.objectweb.proactive.Service.blockingServeOldest(Service.java:150)
	at org.objectweb.proactive.Service.fifoServing(Service.java:126)
	at org.objectweb.proactive.core.body.ActiveBody$FIFORunActive.runActivity(ActiveBody.java:317)
	at org.objectweb.proactive.core.body.ActiveBody.run(ActiveBody.java:197)
	at java.lang.Thread.run(Thread.java:619)
Caused by: java.lang.NullPointerException
	at org.ow2.proactive.scheduler.gui.composite.AbstractJobComposite$9.run(AbstractJobComposite.java:454)
	at org.eclipse.swt.widgets.RunnableLock.run(RunnableLock.java:35)
	at org.eclipse.swt.widgets.Synchronizer.runAsyncMessages(Synchronizer.java:133)
	at org.eclipse.swt.widgets.Display.runAsyncMessages(Display.java:3378)
	at org.eclipse.swt.widgets.Display.readAndDispatch(Display.java:3036)
	at org.eclipse.ui.internal.Workbench.runEventLoop(Workbench.java:2382)
	at org.eclipse.ui.internal.Workbench.runUI(Workbench.java:2346)
	at org.eclipse.ui.internal.Workbench.access$4(Workbench.java:2198)
	at org.eclipse.ui.internal.Workbench$5.run(Workbench.java:493)
	at org.eclipse.core.databinding.observable.Realm.runWithDefault(Realm.java:288)
	at org.eclipse.ui.internal.Workbench.createAndRunWorkbench(Workbench.java:488)
	at org.eclipse.ui.PlatformUI.createAndRunWorkbench(PlatformUI.java:149)
	at org.ow2.proactive.scheduler.Application.run(Application.java:60)
	at sun.reflect.NativeMethodAccessorImpl.invoke0(Native Method)
	at sun.reflect.NativeMethodAccessorImpl.invoke(NativeMethodAccessorImpl.java:39)
	at sun.reflect.DelegatingMethodAccessorImpl.invoke(DelegatingMethodAccessorImpl.java:25)
	at java.lang.reflect.Method.invoke(Method.java:597)
	at org.eclipse.equinox.internal.app.EclipseAppContainer.callMethodWithException(EclipseAppContainer.java:574)
	at org.eclipse.equinox.internal.app.EclipseAppHandle.run(EclipseAppHandle.java:195)
	at org.eclipse.core.runtime.internal.adaptor.EclipseAppLauncher.runApplication(EclipseAppLauncher.java:110)
	at org.eclipse.core.runtime.internal.adaptor.EclipseAppLauncher.start(EclipseAppLauncher.java:79)
	at org.eclipse.core.runtime.adaptor.EclipseStarter.run(EclipseStarter.java:386)
	at org.eclipse.core.runtime.adaptor.EclipseStarter.run(EclipseStarter.java:179)
	at sun.reflect.NativeMethodAccessorImpl.invoke0(Native Method)
	at sun.reflect.NativeMethodAccessorImpl.invoke(NativeMethodAccessorImpl.java:39)
	at sun.reflect.DelegatingMethodAccessorImpl.invoke(DelegatingMethodAccessorImpl.java:25)
	at java.lang.reflect.Method.invoke(Method.java:597)
	at org.eclipse.equinox.launcher.Main.invokeFramework(Main.java:549)
	at org.eclipse.equinox.launcher.Main.basicRun(Main.java:504)
	at org.eclipse.equinox.launcher.Main.run(Main.java:1236)
	at org.eclipse.equinox.launcher.Main.main(Main.java:1212)
2009-07-27 11:13:53,420 ERROR [JobsController on rmi://pataud:1099/Node539390116]: org.eclipse.swt.SWTException: Failed to execute runnable (java.lang.NullPointerException)
org.eclipse.swt.SWTException: Failed to execute runnable (java.lang.NullPointerException)
	at org.eclipse.swt.SWT.error(SWT.java:3777)
	at org.eclipse.swt.SWT.error(SWT.java:3695)
	at org.eclipse.swt.widgets.Synchronizer.syncExec(Synchronizer.java:194)
	at org.eclipse.ui.internal.UISynchronizer.syncExec(UISynchronizer.java:150)
	at org.eclipse.swt.widgets.Display.syncExec(Display.java:4021)
	at org.ow2.proactive.scheduler.gui.composite.AbstractJobComposite.stateUpdate(AbstractJobComposite.java:430)
	at org.ow2.proactive.scheduler.gui.composite.RunningJobComposite.runningTaskEvent(RunningJobComposite.java:275)
	at org.ow2.proactive.scheduler.gui.data.JobsController.pendingToRunningTaskEventInternal(JobsController.java:164)
	at org.ow2.proactive.scheduler.gui.data.JobsController.taskPendingToRunningEvent(JobsController.java:557)
	at org.ow2.proactive.scheduler.gui.data.JobsController.taskStateUpdatedEvent(JobsController.java:341)
	at sun.reflect.NativeMethodAccessorImpl.invoke0(Native Method)
	at sun.reflect.NativeMethodAccessorImpl.invoke(NativeMethodAccessorImpl.java:39)
	at sun.reflect.DelegatingMethodAccessorImpl.invoke(DelegatingMethodAccessorImpl.java:25)
	at java.lang.reflect.Method.invoke(Method.java:597)
	at org.objectweb.proactive.core.mop.MethodCall.execute(MethodCall.java:395)
	at org.objectweb.proactive.core.body.request.RequestImpl.serveInternal(RequestImpl.java:230)
	at org.objectweb.proactive.core.body.request.RequestImpl.serve(RequestImpl.java:174)
	at org.objectweb.proactive.core.body.BodyImpl$ActiveLocalBodyStrategy.serveInternal(BodyImpl.java:562)
	at org.objectweb.proactive.core.body.BodyImpl$ActiveLocalBodyStrategy.serve(BodyImpl.java:525)
	at org.objectweb.proactive.core.body.AbstractBody.serve(AbstractBody.java:922)
	at org.objectweb.proactive.Service.blockingServeOldest(Service.java:175)
	at org.objectweb.proactive.Service.blockingServeOldest(Service.java:150)
	at org.objectweb.proactive.Service.fifoServing(Service.java:126)
	at org.objectweb.proactive.core.body.ActiveBody$FIFORunActive.runActivity(ActiveBody.java:317)
	at org.objectweb.proactive.core.body.ActiveBody.run(ActiveBody.java:197)
	at java.lang.Thread.run(Thread.java:619)
Caused by: java.lang.NullPointerException
	at org.ow2.proactive.scheduler.gui.composite.AbstractJobComposite$9.run(AbstractJobComposite.java:454)
	at org.eclipse.swt.widgets.RunnableLock.run(RunnableLock.java:35)
	at org.eclipse.swt.widgets.Synchronizer.runAsyncMessages(Synchronizer.java:133)
	at org.eclipse.swt.widgets.Display.runAsyncMessages(Display.java:3378)
	at org.eclipse.swt.widgets.Display.readAndDispatch(Display.java:3036)
	at org.eclipse.ui.internal.Workbench.runEventLoop(Workbench.java:2382)
	at org.eclipse.ui.internal.Workbench.runUI(Workbench.java:2346)
	at org.eclipse.ui.internal.Workbench.access$4(Workbench.java:2198)
	at org.eclipse.ui.internal.Workbench$5.run(Workbench.java:493)
	at org.eclipse.core.databinding.observable.Realm.runWithDefault(Realm.java:288)
	at org.eclipse.ui.internal.Workbench.createAndRunWorkbench(Workbench.java:488)
	at org.eclipse.ui.PlatformUI.createAndRunWorkbench(PlatformUI.java:149)
	at org.ow2.proactive.scheduler.Application.run(Application.java:60)
	at sun.reflect.NativeMethodAccessorImpl.invoke0(Native Method)
	at sun.reflect.NativeMethodAccessorImpl.invoke(NativeMethodAccessorImpl.java:39)
	at sun.reflect.DelegatingMethodAccessorImpl.invoke(DelegatingMethodAccessorImpl.java:25)
	at java.lang.reflect.Method.invoke(Method.java:597)
	at org.eclipse.equinox.internal.app.EclipseAppContainer.callMethodWithException(EclipseAppContainer.java:574)
	at org.eclipse.equinox.internal.app.EclipseAppHandle.run(EclipseAppHandle.java:195)
	at org.eclipse.core.runtime.internal.adaptor.EclipseAppLauncher.runApplication(EclipseAppLauncher.java:110)
	at org.eclipse.core.runtime.internal.adaptor.EclipseAppLauncher.start(EclipseAppLauncher.java:79)
	at org.eclipse.core.runtime.adaptor.EclipseStarter.run(EclipseStarter.java:386)
	at org.eclipse.core.runtime.adaptor.EclipseStarter.run(EclipseStarter.java:179)
	at sun.reflect.NativeMethodAccessorImpl.invoke0(Native Method)
	at sun.reflect.NativeMethodAccessorImpl.invoke(NativeMethodAccessorImpl.java:39)
	at sun.reflect.DelegatingMethodAccessorImpl.invoke(DelegatingMethodAccessorImpl.java:25)
	at java.lang.reflect.Method.invoke(Method.java:597)
	at org.eclipse.equinox.launcher.Main.invokeFramework(Main.java:549)
	at org.eclipse.equinox.launcher.Main.basicRun(Main.java:504)
	at org.eclipse.equinox.launcher.Main.run(Main.java:1236)
	at org.eclipse.equinox.launcher.Main.main(Main.java:1212)
2009-07-27 11:13:53,423 ERROR [JobsController on rmi://pataud:1099/Node539390116]: org.eclipse.swt.SWTException: Failed to execute runnable (java.lang.IllegalArgumentException: Index out of bounds)
org.eclipse.swt.SWTException: Failed to execute runnable (java.lang.IllegalArgumentException: Index out of bounds)
	at org.eclipse.swt.SWT.error(SWT.java:3777)
	at org.eclipse.swt.SWT.error(SWT.java:3695)
	at org.eclipse.swt.widgets.Synchronizer.syncExec(Synchronizer.java:194)
	at org.eclipse.ui.internal.UISynchronizer.syncExec(UISynchronizer.java:150)
	at org.eclipse.swt.widgets.Display.syncExec(Display.java:4021)
	at org.ow2.proactive.scheduler.gui.composite.RunningJobComposite.removeRunningJob(RunningJobComposite.java:205)
	at org.ow2.proactive.scheduler.gui.data.JobsController.removeRunningJobEventInternal(JobsController.java:146)
	at org.ow2.proactive.scheduler.gui.data.JobsController.jobRunningToFinishedEvent(JobsController.java:442)
	at org.ow2.proactive.scheduler.gui.data.JobsController.jobStateUpdatedEvent(JobsController.java:318)
	at sun.reflect.NativeMethodAccessorImpl.invoke0(Native Method)
	at sun.reflect.NativeMethodAccessorImpl.invoke(NativeMethodAccessorImpl.java:39)
	at sun.reflect.DelegatingMethodAccessorImpl.invoke(DelegatingMethodAccessorImpl.java:25)
	at java.lang.reflect.Method.invoke(Method.java:597)
	at org.objectweb.proactive.core.mop.MethodCall.execute(MethodCall.java:395)
	at org.objectweb.proactive.core.body.request.RequestImpl.serveInternal(RequestImpl.java:230)
	at org.objectweb.proactive.core.body.request.RequestImpl.serve(RequestImpl.java:174)
	at org.objectweb.proactive.core.body.BodyImpl$ActiveLocalBodyStrategy.serveInternal(BodyImpl.java:562)
	at org.objectweb.proactive.core.body.BodyImpl$ActiveLocalBodyStrategy.serve(BodyImpl.java:525)
	at org.objectweb.proactive.core.body.AbstractBody.serve(AbstractBody.java:922)
	at org.objectweb.proactive.Service.blockingServeOldest(Service.java:175)
	at org.objectweb.proactive.Service.blockingServeOldest(Service.java:150)
	at org.objectweb.proactive.Service.fifoServing(Service.java:126)
	at org.objectweb.proactive.core.body.ActiveBody$FIFORunActive.runActivity(ActiveBody.java:317)
	at org.objectweb.proactive.core.body.ActiveBody.run(ActiveBody.java:197)
	at java.lang.Thread.run(Thread.java:619)
Caused by: java.lang.IllegalArgumentException: Index out of bounds
	at org.eclipse.swt.SWT.error(SWT.java:3761)
	at org.eclipse.swt.SWT.error(SWT.java:3695)
	at org.eclipse.swt.SWT.error(SWT.java:3666)
	at org.eclipse.swt.widgets.Widget.error(Widget.java:446)
	at org.eclipse.swt.widgets.Table.getItem(Table.java:1401)
	at org.ow2.proactive.scheduler.gui.composite.RunningJobComposite$1.run(RunningJobComposite.java:209)
	at org.eclipse.swt.widgets.RunnableLock.run(RunnableLock.java:35)
	at org.eclipse.swt.widgets.Synchronizer.runAsyncMessages(Synchronizer.java:133)
	at org.eclipse.swt.widgets.Display.runAsyncMessages(Display.java:3378)
	at org.eclipse.swt.widgets.Display.readAndDispatch(Display.java:3036)
	at org.eclipse.ui.internal.Workbench.runEventLoop(Workbench.java:2382)
	at org.eclipse.ui.internal.Workbench.runUI(Workbench.java:2346)
	at org.eclipse.ui.internal.Workbench.access$4(Workbench.java:2198)
	at org.eclipse.ui.internal.Workbench$5.run(Workbench.java:493)
	at org.eclipse.core.databinding.observable.Realm.runWithDefault(Realm.java:288)
	at org.eclipse.ui.internal.Workbench.createAndRunWorkbench(Workbench.java:488)
	at org.eclipse.ui.PlatformUI.createAndRunWorkbench(PlatformUI.java:149)
	at org.ow2.proactive.scheduler.Application.run(Application.java:60)
	at sun.reflect.NativeMethodAccessorImpl.invoke0(Native Method)
	at sun.reflect.NativeMethodAccessorImpl.invoke(NativeMethodAccessorImpl.java:39)
	at sun.reflect.DelegatingMethodAccessorImpl.invoke(DelegatingMethodAccessorImpl.java:25)
	at java.lang.reflect.Method.invoke(Method.java:597)
	at org.eclipse.equinox.internal.app.EclipseAppContainer.callMethodWithException(EclipseAppContainer.java:574)
	at org.eclipse.equinox.internal.app.EclipseAppHandle.run(EclipseAppHandle.java:195)
	at org.eclipse.core.runtime.internal.adaptor.EclipseAppLauncher.runApplication(EclipseAppLauncher.java:110)
	at org.eclipse.core.runtime.internal.adaptor.EclipseAppLauncher.start(EclipseAppLauncher.java:79)
	at org.eclipse.core.runtime.adaptor.EclipseStarter.run(EclipseStarter.java:386)
	at org.eclipse.core.runtime.adaptor.EclipseStarter.run(EclipseStarter.java:179)
	at sun.reflect.NativeMethodAccessorImpl.invoke0(Native Method)
	at sun.reflect.NativeMethodAccessorImpl.invoke(NativeMethodAccessorImpl.java:39)
	at sun.reflect.DelegatingMethodAccessorImpl.invoke(DelegatingMethodAccessorImpl.java:25)
	at java.lang.reflect.Method.invoke(Method.java:597)
	at org.eclipse.equinox.launcher.Main.invokeFramework(Main.java:549)
	at org.eclipse.equinox.launcher.Main.basicRun(Main.java:504)
	at org.eclipse.equinox.launcher.Main.run(Main.java:1236)
	at org.eclipse.equinox.launcher.Main.main(Main.java:1212)
2009-07-27 11:14:31,083  INFO [main]: Job successfully created !
2009-07-27 11:16:23,203  INFO [main]: Remote Object Factory provider <pamr, class org.objectweb.proactive.extra.messagerouting.remoteobject.MessageRoutingRemoteObjectFactory> found
2009-07-27 11:16:23,233  INFO [main]: Detected an existing RMI Registry on port 1099
2009-07-27 11:16:23,550  INFO [main]: Generating class : pa.stub.org.ow2.proactive.scheduler.gui.data._StubJobsController
2009-07-27 11:16:25,146  INFO [main]: Generating class : pa.stub.org.ow2.proactive.scheduler.gui.data._StubSchedulerProxy
2009-07-27 11:16:39,439  INFO [main]: Job successfully created !
2009-07-27 11:17:58,273  INFO [main]: Remote Object Factory provider <pamr, class org.objectweb.proactive.extra.messagerouting.remoteobject.MessageRoutingRemoteObjectFactory> found
2009-07-27 11:17:58,303  INFO [main]: Detected an existing RMI Registry on port 1099
2009-07-27 11:17:58,625  INFO [main]: Generating class : pa.stub.org.ow2.proactive.scheduler.gui.data._StubJobsController
2009-07-27 11:18:01,344  INFO [main]: Generating class : pa.stub.org.ow2.proactive.scheduler.gui.data._StubSchedulerProxy
2009-07-27 11:19:05,636  INFO [main]: Remote Object Factory provider <pamr, class org.objectweb.proactive.extra.messagerouting.remoteobject.MessageRoutingRemoteObjectFactory> found
2009-07-27 11:19:05,664  INFO [main]: Detected an existing RMI Registry on port 1099
2009-07-27 11:19:06,052  INFO [main]: Generating class : pa.stub.org.ow2.proactive.scheduler.gui.data._StubJobsController
2009-07-27 11:21:56,101  INFO [main]: Generating class : pa.stub.org.ow2.proactive.scheduler.gui.data._StubSchedulerProxy
2009-07-27 11:22:35,433  INFO [main]: Remote Object Factory provider <pamr, class org.objectweb.proactive.extra.messagerouting.remoteobject.MessageRoutingRemoteObjectFactory> found
2009-07-27 11:22:35,460  INFO [main]: Detected an existing RMI Registry on port 1099
2009-07-27 11:22:35,834  INFO [main]: Generating class : pa.stub.org.ow2.proactive.scheduler.gui.data._StubJobsController
2009-07-27 11:22:37,515  INFO [main]: Generating class : pa.stub.org.ow2.proactive.scheduler.gui.data._StubSchedulerProxy
2009-07-27 11:22:49,787  INFO [main]: Remote Object Factory provider <pamr, class org.objectweb.proactive.extra.messagerouting.remoteobject.MessageRoutingRemoteObjectFactory> found
2009-07-27 11:22:49,829  INFO [main]: Detected an existing RMI Registry on port 1099
2009-07-27 11:22:50,167  INFO [main]: Generating class : pa.stub.org.ow2.proactive.scheduler.gui.data._StubJobsController
2009-07-27 11:30:47,125  INFO [main]: Remote Object Factory provider <pamr, class org.objectweb.proactive.extra.messagerouting.remoteobject.MessageRoutingRemoteObjectFactory> found
2009-07-27 11:30:47,154  INFO [main]: Detected an existing RMI Registry on port 1099
2009-07-27 11:30:47,510  INFO [main]: Generating class : pa.stub.org.ow2.proactive.scheduler.gui.data._StubJobsController
2009-07-27 11:30:49,180  INFO [main]: Generating class : pa.stub.org.ow2.proactive.scheduler.gui.data._StubSchedulerProxy
2009-07-27 11:31:04,201  INFO [main]: Job successfully created !
2009-07-27 11:37:05,612  INFO [main]: Job successfully created !
2009-07-27 11:37:08,240  INFO [main]: Job successfully created !
2009-07-27 11:39:16,399  INFO [main]: Job successfully created !
2009-07-27 11:39:18,596  INFO [main]: Job successfully created !
2009-07-27 11:39:20,881  INFO [main]: Job successfully created !
